<?xml version="1.0" encoding="UTF-8"?>
<robot generator="Robot 6.0.1 (Python 3.11.1 on win32)" generated="20230223 11:39:32.388" rpa="false" schemaversion="3">
<suite id="s1" name="US1 CalInsert &amp; US2 InsertMultipleMasking &amp; US3 FileuploadUIPortal &amp; US4 CalTaxRelief &amp; US5 UIPortal">
<suite id="s1-s1" name="US1 CalInsert" source="C:\Users\ECQ858\Documents\GitHub\oppenhimerProjectDev\Tests\US1_CalInsert.robot">
<test id="s1-s1-t1" name="US1_TC1: Valid Person Details:male gender:" line="6">
<kw name="Post Request on CalculatorInsert ${validBirthday} ${validGender_m} ${validName} ${validNatId} ${validSalary} ${validTaxPaid} ${statusCode_202}" library="common" sourcename="Post Request on CalculatorInsert ${birthday} ${gender} ${name} ${natid} ${salary} ${taxPaid} ${expect}">
<kw name="Create Dictionary" library="BuiltIn">
<var>${headers}</var>
<arg>Content-Type=application/json;charset=UTF-8</arg>
<arg>accept=*/*</arg>
<doc>Creates and returns a dictionary based on the given ``items``.</doc>
<msg timestamp="20230223 11:39:33.157" level="INFO">${headers} = {'Content-Type': 'application/json;charset=UTF-8', 'accept': '*/*'}</msg>
<status status="PASS" starttime="20230223 11:39:33.157" endtime="20230223 11:39:33.157"/>
</kw>
<kw name="Create Dictionary" library="BuiltIn">
<var>${body}</var>
<arg>birthday=${birthday}</arg>
<arg>gender=${gender}</arg>
<arg>name=${name}</arg>
<arg>natid=${natid}</arg>
<arg>salary=${salary}</arg>
<arg>tax=${taxPaid}</arg>
<doc>Creates and returns a dictionary based on the given ``items``.</doc>
<msg timestamp="20230223 11:39:33.157" level="INFO">${body} = {'birthday': '24121984', 'gender': 'm', 'name': 'Peter Parker', 'natid': '123456', 'salary': '4500', 'tax': '1200'}</msg>
<status status="PASS" starttime="20230223 11:39:33.157" endtime="20230223 11:39:33.157"/>
</kw>
<kw name="POST" library="RequestsLibrary">
<arg>${api_url}/calculator/insert</arg>
<arg>json=${body}</arg>
<arg>headers=&amp;{headers}</arg>
<arg>expected_status=${expect}</arg>
<doc>Sends a POST request.</doc>
<msg timestamp="20230223 11:39:33.173" level="INFO">POST Request : url=http://localhost:8080/calculator/insert 
 path_url=/calculator/insert 
 headers={'User-Agent': 'python-requests/2.28.1', 'Accept-Encoding': 'gzip, deflate', 'accept': '*/*', 'Connection': 'keep-alive', 'Content-Type': 'application/json;charset=UTF-8', 'Content-Length': '115'} 
 body=b'{"birthday": "24121984", "gender": "m", "name": "Peter Parker", "natid": "123456", "salary": "4500", "tax": "1200"}' 
 </msg>
<msg timestamp="20230223 11:39:33.173" level="INFO">POST Response : url=http://localhost:8080/calculator/insert 
 status=202, reason= 
 headers={'Content-Type': 'text/plain;charset=UTF-8', 'Content-Length': '7', 'Date': 'Thu, 23 Feb 2023 03:39:33 GMT'} 
 body=Alright 
 </msg>
<status status="PASS" starttime="20230223 11:39:33.157" endtime="20230223 11:39:33.173"/>
</kw>
<status status="PASS" starttime="20230223 11:39:33.157" endtime="20230223 11:39:33.173"/>
</kw>
<kw name="POST" library="REST" type="TEARDOWN">
<arg>${api_url}/calculator/rakeDatabase</arg>
<tag>http</tag>
<doc>*Sends a POST request to the endpoint.*</doc>
<msg timestamp="20230223 11:39:33.189" level="WARN">Response body content is not JSON. Content-Type is: application/json;charset=UTF-8</msg>
<status status="PASS" starttime="20230223 11:39:33.173" endtime="20230223 11:39:33.189"/>
</kw>
<tag>Positive</tag>
<tag>US1</tag>
<status status="PASS" starttime="20230223 11:39:33.157" endtime="20230223 11:39:33.189"/>
</test>
<test id="s1-s1-t2" name="US1_TC2: Valid Person Details:male gender:" line="10">
<kw name="Post Request on CalculatorInsert ${validBirthday} ${validGender_f} ${validName} ${validNatId} ${validSalary} ${validTaxPaid} ${statusCode_202}" library="common" sourcename="Post Request on CalculatorInsert ${birthday} ${gender} ${name} ${natid} ${salary} ${taxPaid} ${expect}">
<kw name="Create Dictionary" library="BuiltIn">
<var>${headers}</var>
<arg>Content-Type=application/json;charset=UTF-8</arg>
<arg>accept=*/*</arg>
<doc>Creates and returns a dictionary based on the given ``items``.</doc>
<msg timestamp="20230223 11:39:33.189" level="INFO">${headers} = {'Content-Type': 'application/json;charset=UTF-8', 'accept': '*/*'}</msg>
<status status="PASS" starttime="20230223 11:39:33.189" endtime="20230223 11:39:33.189"/>
</kw>
<kw name="Create Dictionary" library="BuiltIn">
<var>${body}</var>
<arg>birthday=${birthday}</arg>
<arg>gender=${gender}</arg>
<arg>name=${name}</arg>
<arg>natid=${natid}</arg>
<arg>salary=${salary}</arg>
<arg>tax=${taxPaid}</arg>
<doc>Creates and returns a dictionary based on the given ``items``.</doc>
<msg timestamp="20230223 11:39:33.204" level="INFO">${body} = {'birthday': '24121984', 'gender': 'f', 'name': 'Peter Parker', 'natid': '123456', 'salary': '4500', 'tax': '1200'}</msg>
<status status="PASS" starttime="20230223 11:39:33.189" endtime="20230223 11:39:33.204"/>
</kw>
<kw name="POST" library="RequestsLibrary">
<arg>${api_url}/calculator/insert</arg>
<arg>json=${body}</arg>
<arg>headers=&amp;{headers}</arg>
<arg>expected_status=${expect}</arg>
<doc>Sends a POST request.</doc>
<msg timestamp="20230223 11:39:33.213" level="INFO">POST Request : url=http://localhost:8080/calculator/insert 
 path_url=/calculator/insert 
 headers={'User-Agent': 'python-requests/2.28.1', 'Accept-Encoding': 'gzip, deflate', 'accept': '*/*', 'Connection': 'keep-alive', 'Content-Type': 'application/json;charset=UTF-8', 'Content-Length': '115'} 
 body=b'{"birthday": "24121984", "gender": "f", "name": "Peter Parker", "natid": "123456", "salary": "4500", "tax": "1200"}' 
 </msg>
<msg timestamp="20230223 11:39:33.213" level="INFO">POST Response : url=http://localhost:8080/calculator/insert 
 status=202, reason= 
 headers={'Content-Type': 'text/plain;charset=UTF-8', 'Content-Length': '7', 'Date': 'Thu, 23 Feb 2023 03:39:33 GMT'} 
 body=Alright 
 </msg>
<status status="PASS" starttime="20230223 11:39:33.204" endtime="20230223 11:39:33.213"/>
</kw>
<status status="PASS" starttime="20230223 11:39:33.189" endtime="20230223 11:39:33.213"/>
</kw>
<kw name="POST" library="REST" type="TEARDOWN">
<arg>${api_url}/calculator/rakeDatabase</arg>
<tag>http</tag>
<doc>*Sends a POST request to the endpoint.*</doc>
<msg timestamp="20230223 11:39:33.220" level="WARN">Response body content is not JSON. Content-Type is: application/json;charset=UTF-8</msg>
<status status="PASS" starttime="20230223 11:39:33.213" endtime="20230223 11:39:33.220"/>
</kw>
<tag>Positive</tag>
<tag>US1</tag>
<status status="PASS" starttime="20230223 11:39:33.189" endtime="20230223 11:39:33.220"/>
</test>
<test id="s1-s1-t3" name="US1_TC3: Valid Person Details:longCharSupport_name:" line="14">
<kw name="Post Request on CalculatorInsert ${validBirthday} ${validGender_m} ${longCharSupport_name} ${validNatId} ${validSalary} ${validTaxPaid} ${statusCode_202}" library="common" sourcename="Post Request on CalculatorInsert ${birthday} ${gender} ${name} ${natid} ${salary} ${taxPaid} ${expect}">
<kw name="Create Dictionary" library="BuiltIn">
<var>${headers}</var>
<arg>Content-Type=application/json;charset=UTF-8</arg>
<arg>accept=*/*</arg>
<doc>Creates and returns a dictionary based on the given ``items``.</doc>
<msg timestamp="20230223 11:39:33.220" level="INFO">${headers} = {'Content-Type': 'application/json;charset=UTF-8', 'accept': '*/*'}</msg>
<status status="PASS" starttime="20230223 11:39:33.220" endtime="20230223 11:39:33.220"/>
</kw>
<kw name="Create Dictionary" library="BuiltIn">
<var>${body}</var>
<arg>birthday=${birthday}</arg>
<arg>gender=${gender}</arg>
<arg>name=${name}</arg>
<arg>natid=${natid}</arg>
<arg>salary=${salary}</arg>
<arg>tax=${taxPaid}</arg>
<doc>Creates and returns a dictionary based on the given ``items``.</doc>
<msg timestamp="20230223 11:39:33.220" level="INFO">${body} = {'birthday': '24121984', 'gender': 'm', 'name': "mandydfsmdflkasejflk;jwe;lifjfkmwe;lfmwel;kfw;'lekf;'lawkf;lwekf;'aksf;awksf;leefwasefaesfawesf", 'natid': '123456', 'salary': '4500', 'tax': '1200'}</msg>
<status status="PASS" starttime="20230223 11:39:33.220" endtime="20230223 11:39:33.220"/>
</kw>
<kw name="POST" library="RequestsLibrary">
<arg>${api_url}/calculator/insert</arg>
<arg>json=${body}</arg>
<arg>headers=&amp;{headers}</arg>
<arg>expected_status=${expect}</arg>
<doc>Sends a POST request.</doc>
<msg timestamp="20230223 11:39:33.236" level="INFO">POST Request : url=http://localhost:8080/calculator/insert 
 path_url=/calculator/insert 
 headers={'User-Agent': 'python-requests/2.28.1', 'Accept-Encoding': 'gzip, deflate', 'accept': '*/*', 'Connection': 'keep-alive', 'Content-Type': 'application/json;charset=UTF-8', 'Content-Length': '198'} 
 body=b'{"birthday": "24121984", "gender": "m", "name": "mandydfsmdflkasejflk;jwe;lifjfkmwe;lfmwel;kfw;\'lekf;\'lawkf;lwekf;\'aksf;awksf;leefwasefaesfawesf", "natid": "123456", "salary": "4500", "tax": "1200"}' 
 </msg>
<msg timestamp="20230223 11:39:33.236" level="INFO">POST Response : url=http://localhost:8080/calculator/insert 
 status=202, reason= 
 headers={'Content-Type': 'text/plain;charset=UTF-8', 'Content-Length': '7', 'Date': 'Thu, 23 Feb 2023 03:39:33 GMT'} 
 body=Alright 
 </msg>
<status status="PASS" starttime="20230223 11:39:33.220" endtime="20230223 11:39:33.236"/>
</kw>
<status status="PASS" starttime="20230223 11:39:33.220" endtime="20230223 11:39:33.236"/>
</kw>
<kw name="POST" library="REST" type="TEARDOWN">
<arg>${api_url}/calculator/rakeDatabase</arg>
<tag>http</tag>
<doc>*Sends a POST request to the endpoint.*</doc>
<msg timestamp="20230223 11:39:33.236" level="WARN">Response body content is not JSON. Content-Type is: application/json;charset=UTF-8</msg>
<status status="PASS" starttime="20230223 11:39:33.236" endtime="20230223 11:39:33.252"/>
</kw>
<tag>Positive</tag>
<tag>US1</tag>
<status status="PASS" starttime="20230223 11:39:33.220" endtime="20230223 11:39:33.252"/>
</test>
<test id="s1-s1-t4" name="US1_TC4: Valid Person Details:longCharSupport_natid:" line="18">
<kw name="Post Request on CalculatorInsert ${validBirthday} ${validGender_m} ${validName} ${longCharSupport_natid} ${validSalary} ${validTaxPaid} ${statusCode_202}" library="common" sourcename="Post Request on CalculatorInsert ${birthday} ${gender} ${name} ${natid} ${salary} ${taxPaid} ${expect}">
<kw name="Create Dictionary" library="BuiltIn">
<var>${headers}</var>
<arg>Content-Type=application/json;charset=UTF-8</arg>
<arg>accept=*/*</arg>
<doc>Creates and returns a dictionary based on the given ``items``.</doc>
<msg timestamp="20230223 11:39:33.252" level="INFO">${headers} = {'Content-Type': 'application/json;charset=UTF-8', 'accept': '*/*'}</msg>
<status status="PASS" starttime="20230223 11:39:33.252" endtime="20230223 11:39:33.252"/>
</kw>
<kw name="Create Dictionary" library="BuiltIn">
<var>${body}</var>
<arg>birthday=${birthday}</arg>
<arg>gender=${gender}</arg>
<arg>name=${name}</arg>
<arg>natid=${natid}</arg>
<arg>salary=${salary}</arg>
<arg>tax=${taxPaid}</arg>
<doc>Creates and returns a dictionary based on the given ``items``.</doc>
<msg timestamp="20230223 11:39:33.252" level="INFO">${body} = {'birthday': '24121984', 'gender': 'm', 'name': 'Peter Parker', 'natid': 'ttew12345678901234567890qwertyuiopsadfjhklxzcmv,n,m', 'salary': '4500', 'tax': '1200'}</msg>
<status status="PASS" starttime="20230223 11:39:33.252" endtime="20230223 11:39:33.252"/>
</kw>
<kw name="POST" library="RequestsLibrary">
<arg>${api_url}/calculator/insert</arg>
<arg>json=${body}</arg>
<arg>headers=&amp;{headers}</arg>
<arg>expected_status=${expect}</arg>
<doc>Sends a POST request.</doc>
<msg timestamp="20230223 11:39:33.267" level="INFO">POST Request : url=http://localhost:8080/calculator/insert 
 path_url=/calculator/insert 
 headers={'User-Agent': 'python-requests/2.28.1', 'Accept-Encoding': 'gzip, deflate', 'accept': '*/*', 'Connection': 'keep-alive', 'Content-Type': 'application/json;charset=UTF-8', 'Content-Length': '160'} 
 body=b'{"birthday": "24121984", "gender": "m", "name": "Peter Parker", "natid": "ttew12345678901234567890qwertyuiopsadfjhklxzcmv,n,m", "salary": "4500", "tax": "1200"}' 
 </msg>
<msg timestamp="20230223 11:39:33.267" level="INFO">POST Response : url=http://localhost:8080/calculator/insert 
 status=202, reason= 
 headers={'Content-Type': 'text/plain;charset=UTF-8', 'Content-Length': '7', 'Date': 'Thu, 23 Feb 2023 03:39:33 GMT'} 
 body=Alright 
 </msg>
<status status="PASS" starttime="20230223 11:39:33.252" endtime="20230223 11:39:33.267"/>
</kw>
<status status="PASS" starttime="20230223 11:39:33.252" endtime="20230223 11:39:33.267"/>
</kw>
<kw name="POST" library="REST" type="TEARDOWN">
<arg>${api_url}/calculator/rakeDatabase</arg>
<tag>http</tag>
<doc>*Sends a POST request to the endpoint.*</doc>
<msg timestamp="20230223 11:39:33.267" level="WARN">Response body content is not JSON. Content-Type is: application/json;charset=UTF-8</msg>
<status status="PASS" starttime="20230223 11:39:33.267" endtime="20230223 11:39:33.267"/>
</kw>
<tag>Positive</tag>
<tag>US1</tag>
<status status="PASS" starttime="20230223 11:39:33.252" endtime="20230223 11:39:33.267"/>
</test>
<test id="s1-s1-t5" name="US1_TC5: Invalid Details:negative natid:" line="22">
<kw name="Post Request on CalculatorInsert ${validBirthday} ${validGender_m} ${validName} ${NegValue_Natid} ${validSalary} ${validTaxPaid} ${statusCode_500}" library="common" sourcename="Post Request on CalculatorInsert ${birthday} ${gender} ${name} ${natid} ${salary} ${taxPaid} ${expect}">
<kw name="Create Dictionary" library="BuiltIn">
<var>${headers}</var>
<arg>Content-Type=application/json;charset=UTF-8</arg>
<arg>accept=*/*</arg>
<doc>Creates and returns a dictionary based on the given ``items``.</doc>
<msg timestamp="20230223 11:39:33.283" level="INFO">${headers} = {'Content-Type': 'application/json;charset=UTF-8', 'accept': '*/*'}</msg>
<status status="PASS" starttime="20230223 11:39:33.283" endtime="20230223 11:39:33.283"/>
</kw>
<kw name="Create Dictionary" library="BuiltIn">
<var>${body}</var>
<arg>birthday=${birthday}</arg>
<arg>gender=${gender}</arg>
<arg>name=${name}</arg>
<arg>natid=${natid}</arg>
<arg>salary=${salary}</arg>
<arg>tax=${taxPaid}</arg>
<doc>Creates and returns a dictionary based on the given ``items``.</doc>
<msg timestamp="20230223 11:39:33.283" level="INFO">${body} = {'birthday': '24121984', 'gender': 'm', 'name': 'Peter Parker', 'natid': '-123456', 'salary': '4500', 'tax': '1200'}</msg>
<status status="PASS" starttime="20230223 11:39:33.283" endtime="20230223 11:39:33.283"/>
</kw>
<kw name="POST" library="RequestsLibrary">
<arg>${api_url}/calculator/insert</arg>
<arg>json=${body}</arg>
<arg>headers=&amp;{headers}</arg>
<arg>expected_status=${expect}</arg>
<doc>Sends a POST request.</doc>
<msg timestamp="20230223 11:39:33.283" level="INFO">POST Request : url=http://localhost:8080/calculator/insert 
 path_url=/calculator/insert 
 headers={'User-Agent': 'python-requests/2.28.1', 'Accept-Encoding': 'gzip, deflate', 'accept': '*/*', 'Connection': 'keep-alive', 'Content-Type': 'application/json;charset=UTF-8', 'Content-Length': '116'} 
 body=b'{"birthday": "24121984", "gender": "m", "name": "Peter Parker", "natid": "-123456", "salary": "4500", "tax": "1200"}' 
 </msg>
<msg timestamp="20230223 11:39:33.283" level="INFO">POST Response : url=http://localhost:8080/calculator/insert 
 status=202, reason= 
 headers={'Content-Type': 'text/plain;charset=UTF-8', 'Content-Length': '7', 'Date': 'Thu, 23 Feb 2023 03:39:33 GMT'} 
 body=Alright 
 </msg>
<msg timestamp="20230223 11:39:33.283" level="FAIL">Url: http://localhost:8080/calculator/insert Expected status: 202 != 500</msg>
<status status="FAIL" starttime="20230223 11:39:33.283" endtime="20230223 11:39:33.283"/>
</kw>
<status status="FAIL" starttime="20230223 11:39:33.267" endtime="20230223 11:39:33.283"/>
</kw>
<kw name="POST" library="REST" type="TEARDOWN">
<arg>${api_url}/calculator/rakeDatabase</arg>
<tag>http</tag>
<doc>*Sends a POST request to the endpoint.*</doc>
<msg timestamp="20230223 11:39:33.298" level="WARN">Response body content is not JSON. Content-Type is: application/json;charset=UTF-8</msg>
<status status="PASS" starttime="20230223 11:39:33.283" endtime="20230223 11:39:33.298"/>
</kw>
<doc>Bug encounter: expecting error if natid is negative</doc>
<tag>Negative</tag>
<tag>US1</tag>
<status status="FAIL" starttime="20230223 11:39:33.267" endtime="20230223 11:39:33.298">Url: http://localhost:8080/calculator/insert Expected status: 202 != 500</status>
</test>
<test id="s1-s1-t6" name="US1_TC6: Invalid Details:mixChars natid:" line="27">
<kw name="Post Request on CalculatorInsert ${validBirthday} ${validGender_m} ${validName} ${MixChars_Natid} ${validSalary} ${validTaxPaid} ${statusCode_500}" library="common" sourcename="Post Request on CalculatorInsert ${birthday} ${gender} ${name} ${natid} ${salary} ${taxPaid} ${expect}">
<kw name="Create Dictionary" library="BuiltIn">
<var>${headers}</var>
<arg>Content-Type=application/json;charset=UTF-8</arg>
<arg>accept=*/*</arg>
<doc>Creates and returns a dictionary based on the given ``items``.</doc>
<msg timestamp="20230223 11:39:33.298" level="INFO">${headers} = {'Content-Type': 'application/json;charset=UTF-8', 'accept': '*/*'}</msg>
<status status="PASS" starttime="20230223 11:39:33.298" endtime="20230223 11:39:33.298"/>
</kw>
<kw name="Create Dictionary" library="BuiltIn">
<var>${body}</var>
<arg>birthday=${birthday}</arg>
<arg>gender=${gender}</arg>
<arg>name=${name}</arg>
<arg>natid=${natid}</arg>
<arg>salary=${salary}</arg>
<arg>tax=${taxPaid}</arg>
<doc>Creates and returns a dictionary based on the given ``items``.</doc>
<msg timestamp="20230223 11:39:33.298" level="INFO">${body} = {'birthday': '24121984', 'gender': 'm', 'name': 'Peter Parker', 'natid': '123CHAT', 'salary': '4500', 'tax': '1200'}</msg>
<status status="PASS" starttime="20230223 11:39:33.298" endtime="20230223 11:39:33.298"/>
</kw>
<kw name="POST" library="RequestsLibrary">
<arg>${api_url}/calculator/insert</arg>
<arg>json=${body}</arg>
<arg>headers=&amp;{headers}</arg>
<arg>expected_status=${expect}</arg>
<doc>Sends a POST request.</doc>
<msg timestamp="20230223 11:39:33.314" level="INFO">POST Request : url=http://localhost:8080/calculator/insert 
 path_url=/calculator/insert 
 headers={'User-Agent': 'python-requests/2.28.1', 'Accept-Encoding': 'gzip, deflate', 'accept': '*/*', 'Connection': 'keep-alive', 'Content-Type': 'application/json;charset=UTF-8', 'Content-Length': '116'} 
 body=b'{"birthday": "24121984", "gender": "m", "name": "Peter Parker", "natid": "123CHAT", "salary": "4500", "tax": "1200"}' 
 </msg>
<msg timestamp="20230223 11:39:33.314" level="INFO">POST Response : url=http://localhost:8080/calculator/insert 
 status=202, reason= 
 headers={'Content-Type': 'text/plain;charset=UTF-8', 'Content-Length': '7', 'Date': 'Thu, 23 Feb 2023 03:39:33 GMT'} 
 body=Alright 
 </msg>
<msg timestamp="20230223 11:39:33.314" level="FAIL">Url: http://localhost:8080/calculator/insert Expected status: 202 != 500</msg>
<status status="FAIL" starttime="20230223 11:39:33.313" endtime="20230223 11:39:33.314"/>
</kw>
<status status="FAIL" starttime="20230223 11:39:33.298" endtime="20230223 11:39:33.314"/>
</kw>
<kw name="POST" library="REST" type="TEARDOWN">
<arg>${api_url}/calculator/rakeDatabase</arg>
<tag>http</tag>
<doc>*Sends a POST request to the endpoint.*</doc>
<msg timestamp="20230223 11:39:33.330" level="WARN">Response body content is not JSON. Content-Type is: application/json;charset=UTF-8</msg>
<status status="PASS" starttime="20230223 11:39:33.314" endtime="20230223 11:39:33.330"/>
</kw>
<doc>Bug encounter: expecting error if natid is mixed of Chars and numbers</doc>
<tag>Negative</tag>
<tag>US1</tag>
<status status="FAIL" starttime="20230223 11:39:33.298" endtime="20230223 11:39:33.330">Url: http://localhost:8080/calculator/insert Expected status: 202 != 500</status>
</test>
<test id="s1-s1-t7" name="US1_TC7: Invalid Details:empty birthday:" line="32">
<kw name="Post Request on CalculatorInsert ${empty_value} ${validGender_m} ${validName} ${validNatId} ${validSalary} ${validTaxPaid} ${statusCode_500}" library="common" sourcename="Post Request on CalculatorInsert ${birthday} ${gender} ${name} ${natid} ${salary} ${taxPaid} ${expect}">
<kw name="Create Dictionary" library="BuiltIn">
<var>${headers}</var>
<arg>Content-Type=application/json;charset=UTF-8</arg>
<arg>accept=*/*</arg>
<doc>Creates and returns a dictionary based on the given ``items``.</doc>
<msg timestamp="20230223 11:39:33.330" level="INFO">${headers} = {'Content-Type': 'application/json;charset=UTF-8', 'accept': '*/*'}</msg>
<status status="PASS" starttime="20230223 11:39:33.330" endtime="20230223 11:39:33.330"/>
</kw>
<kw name="Create Dictionary" library="BuiltIn">
<var>${body}</var>
<arg>birthday=${birthday}</arg>
<arg>gender=${gender}</arg>
<arg>name=${name}</arg>
<arg>natid=${natid}</arg>
<arg>salary=${salary}</arg>
<arg>tax=${taxPaid}</arg>
<doc>Creates and returns a dictionary based on the given ``items``.</doc>
<msg timestamp="20230223 11:39:33.330" level="INFO">${body} = {'birthday': '', 'gender': 'm', 'name': 'Peter Parker', 'natid': '123456', 'salary': '4500', 'tax': '1200'}</msg>
<status status="PASS" starttime="20230223 11:39:33.330" endtime="20230223 11:39:33.330"/>
</kw>
<kw name="POST" library="RequestsLibrary">
<arg>${api_url}/calculator/insert</arg>
<arg>json=${body}</arg>
<arg>headers=&amp;{headers}</arg>
<arg>expected_status=${expect}</arg>
<doc>Sends a POST request.</doc>
<msg timestamp="20230223 11:39:33.346" level="INFO">POST Request : url=http://localhost:8080/calculator/insert 
 path_url=/calculator/insert 
 headers={'User-Agent': 'python-requests/2.28.1', 'Accept-Encoding': 'gzip, deflate', 'accept': '*/*', 'Connection': 'keep-alive', 'Content-Type': 'application/json;charset=UTF-8', 'Content-Length': '107'} 
 body=b'{"birthday": "", "gender": "m", "name": "Peter Parker", "natid": "123456", "salary": "4500", "tax": "1200"}' 
 </msg>
<msg timestamp="20230223 11:39:33.346" level="INFO">POST Response : url=http://localhost:8080/calculator/insert 
 status=500, reason= 
 headers={'Content-Type': 'application/json;charset=UTF-8', 'Transfer-Encoding': 'chunked', 'Date': 'Thu, 23 Feb 2023 03:39:33 GMT', 'Connection': 'close'} 
 body={"timestamp":"2023-02-23T03:39:33.345+0000","status":500,"error":"Internal Server Error","message":"Text '' could not be parsed at index 0","path":"/calculator/insert"} 
 </msg>
<status status="PASS" starttime="20230223 11:39:33.330" endtime="20230223 11:39:33.346"/>
</kw>
<status status="PASS" starttime="20230223 11:39:33.330" endtime="20230223 11:39:33.346"/>
</kw>
<kw name="POST" library="REST" type="TEARDOWN">
<arg>${api_url}/calculator/rakeDatabase</arg>
<tag>http</tag>
<doc>*Sends a POST request to the endpoint.*</doc>
<msg timestamp="20230223 11:39:33.346" level="WARN">Response body content is not JSON. Content-Type is: application/json;charset=UTF-8</msg>
<status status="PASS" starttime="20230223 11:39:33.346" endtime="20230223 11:39:33.346"/>
</kw>
<tag>Negative</tag>
<tag>US1</tag>
<status status="PASS" starttime="20230223 11:39:33.330" endtime="20230223 11:39:33.361"/>
</test>
<test id="s1-s1-t8" name="US1_TC8: Invalid Details:empty gender:" line="36">
<kw name="Post Request on CalculatorInsert ${validBirthday} ${empty_value} ${validName} ${validNatId} ${validSalary} ${validTaxPaid} ${statusCode_500}" library="common" sourcename="Post Request on CalculatorInsert ${birthday} ${gender} ${name} ${natid} ${salary} ${taxPaid} ${expect}">
<kw name="Create Dictionary" library="BuiltIn">
<var>${headers}</var>
<arg>Content-Type=application/json;charset=UTF-8</arg>
<arg>accept=*/*</arg>
<doc>Creates and returns a dictionary based on the given ``items``.</doc>
<msg timestamp="20230223 11:39:33.361" level="INFO">${headers} = {'Content-Type': 'application/json;charset=UTF-8', 'accept': '*/*'}</msg>
<status status="PASS" starttime="20230223 11:39:33.361" endtime="20230223 11:39:33.361"/>
</kw>
<kw name="Create Dictionary" library="BuiltIn">
<var>${body}</var>
<arg>birthday=${birthday}</arg>
<arg>gender=${gender}</arg>
<arg>name=${name}</arg>
<arg>natid=${natid}</arg>
<arg>salary=${salary}</arg>
<arg>tax=${taxPaid}</arg>
<doc>Creates and returns a dictionary based on the given ``items``.</doc>
<msg timestamp="20230223 11:39:33.361" level="INFO">${body} = {'birthday': '24121984', 'gender': '', 'name': 'Peter Parker', 'natid': '123456', 'salary': '4500', 'tax': '1200'}</msg>
<status status="PASS" starttime="20230223 11:39:33.361" endtime="20230223 11:39:33.361"/>
</kw>
<kw name="POST" library="RequestsLibrary">
<arg>${api_url}/calculator/insert</arg>
<arg>json=${body}</arg>
<arg>headers=&amp;{headers}</arg>
<arg>expected_status=${expect}</arg>
<doc>Sends a POST request.</doc>
<msg timestamp="20230223 11:39:33.361" level="INFO">POST Request : url=http://localhost:8080/calculator/insert 
 path_url=/calculator/insert 
 headers={'User-Agent': 'python-requests/2.28.1', 'Accept-Encoding': 'gzip, deflate', 'accept': '*/*', 'Connection': 'keep-alive', 'Content-Type': 'application/json;charset=UTF-8', 'Content-Length': '114'} 
 body=b'{"birthday": "24121984", "gender": "", "name": "Peter Parker", "natid": "123456", "salary": "4500", "tax": "1200"}' 
 </msg>
<msg timestamp="20230223 11:39:33.361" level="INFO">POST Response : url=http://localhost:8080/calculator/insert 
 status=202, reason= 
 headers={'Content-Type': 'text/plain;charset=UTF-8', 'Content-Length': '7', 'Date': 'Thu, 23 Feb 2023 03:39:33 GMT'} 
 body=Alright 
 </msg>
<msg timestamp="20230223 11:39:33.361" level="FAIL">Url: http://localhost:8080/calculator/insert Expected status: 202 != 500</msg>
<status status="FAIL" starttime="20230223 11:39:33.361" endtime="20230223 11:39:33.361"/>
</kw>
<status status="FAIL" starttime="20230223 11:39:33.361" endtime="20230223 11:39:33.361"/>
</kw>
<kw name="POST" library="REST" type="TEARDOWN">
<arg>${api_url}/calculator/rakeDatabase</arg>
<tag>http</tag>
<doc>*Sends a POST request to the endpoint.*</doc>
<msg timestamp="20230223 11:39:33.377" level="WARN">Response body content is not JSON. Content-Type is: application/json;charset=UTF-8</msg>
<status status="PASS" starttime="20230223 11:39:33.361" endtime="20230223 11:39:33.377"/>
</kw>
<doc>Bug encounter: expecting error if gender value is empty</doc>
<tag>Negative</tag>
<tag>US1</tag>
<status status="FAIL" starttime="20230223 11:39:33.361" endtime="20230223 11:39:33.377">Url: http://localhost:8080/calculator/insert Expected status: 202 != 500</status>
</test>
<test id="s1-s1-t9" name="US1_TC9: Invalid Details:empty name:" line="41">
<kw name="Post Request on CalculatorInsert ${validBirthday} ${validGender_m} ${empty_value} ${validNatId} ${validSalary} ${validTaxPaid} ${statusCode_500}" library="common" sourcename="Post Request on CalculatorInsert ${birthday} ${gender} ${name} ${natid} ${salary} ${taxPaid} ${expect}">
<kw name="Create Dictionary" library="BuiltIn">
<var>${headers}</var>
<arg>Content-Type=application/json;charset=UTF-8</arg>
<arg>accept=*/*</arg>
<doc>Creates and returns a dictionary based on the given ``items``.</doc>
<msg timestamp="20230223 11:39:33.377" level="INFO">${headers} = {'Content-Type': 'application/json;charset=UTF-8', 'accept': '*/*'}</msg>
<status status="PASS" starttime="20230223 11:39:33.377" endtime="20230223 11:39:33.377"/>
</kw>
<kw name="Create Dictionary" library="BuiltIn">
<var>${body}</var>
<arg>birthday=${birthday}</arg>
<arg>gender=${gender}</arg>
<arg>name=${name}</arg>
<arg>natid=${natid}</arg>
<arg>salary=${salary}</arg>
<arg>tax=${taxPaid}</arg>
<doc>Creates and returns a dictionary based on the given ``items``.</doc>
<msg timestamp="20230223 11:39:33.393" level="INFO">${body} = {'birthday': '24121984', 'gender': 'm', 'name': '', 'natid': '123456', 'salary': '4500', 'tax': '1200'}</msg>
<status status="PASS" starttime="20230223 11:39:33.393" endtime="20230223 11:39:33.393"/>
</kw>
<kw name="POST" library="RequestsLibrary">
<arg>${api_url}/calculator/insert</arg>
<arg>json=${body}</arg>
<arg>headers=&amp;{headers}</arg>
<arg>expected_status=${expect}</arg>
<doc>Sends a POST request.</doc>
<msg timestamp="20230223 11:39:33.393" level="INFO">POST Request : url=http://localhost:8080/calculator/insert 
 path_url=/calculator/insert 
 headers={'User-Agent': 'python-requests/2.28.1', 'Accept-Encoding': 'gzip, deflate', 'accept': '*/*', 'Connection': 'keep-alive', 'Content-Type': 'application/json;charset=UTF-8', 'Content-Length': '103'} 
 body=b'{"birthday": "24121984", "gender": "m", "name": "", "natid": "123456", "salary": "4500", "tax": "1200"}' 
 </msg>
<msg timestamp="20230223 11:39:33.393" level="INFO">POST Response : url=http://localhost:8080/calculator/insert 
 status=202, reason= 
 headers={'Content-Type': 'text/plain;charset=UTF-8', 'Content-Length': '7', 'Date': 'Thu, 23 Feb 2023 03:39:33 GMT'} 
 body=Alright 
 </msg>
<msg timestamp="20230223 11:39:33.393" level="FAIL">Url: http://localhost:8080/calculator/insert Expected status: 202 != 500</msg>
<status status="FAIL" starttime="20230223 11:39:33.393" endtime="20230223 11:39:33.393"/>
</kw>
<status status="FAIL" starttime="20230223 11:39:33.377" endtime="20230223 11:39:33.393"/>
</kw>
<kw name="POST" library="REST" type="TEARDOWN">
<arg>${api_url}/calculator/rakeDatabase</arg>
<tag>http</tag>
<doc>*Sends a POST request to the endpoint.*</doc>
<msg timestamp="20230223 11:39:33.413" level="WARN">Response body content is not JSON. Content-Type is: application/json;charset=UTF-8</msg>
<status status="PASS" starttime="20230223 11:39:33.393" endtime="20230223 11:39:33.413"/>
</kw>
<doc>Bug encounter: expecting error if name value is empty</doc>
<tag>Negative</tag>
<tag>US1</tag>
<status status="FAIL" starttime="20230223 11:39:33.377" endtime="20230223 11:39:33.413">Url: http://localhost:8080/calculator/insert Expected status: 202 != 500</status>
</test>
<test id="s1-s1-t10" name="US1_TC10: Invalid Details:empty natid:" line="46">
<kw name="Post Request on CalculatorInsert ${validBirthday} ${validGender_m} ${validName} ${empty_value} ${validSalary} ${validTaxPaid} ${statusCode_500}" library="common" sourcename="Post Request on CalculatorInsert ${birthday} ${gender} ${name} ${natid} ${salary} ${taxPaid} ${expect}">
<kw name="Create Dictionary" library="BuiltIn">
<var>${headers}</var>
<arg>Content-Type=application/json;charset=UTF-8</arg>
<arg>accept=*/*</arg>
<doc>Creates and returns a dictionary based on the given ``items``.</doc>
<msg timestamp="20230223 11:39:33.413" level="INFO">${headers} = {'Content-Type': 'application/json;charset=UTF-8', 'accept': '*/*'}</msg>
<status status="PASS" starttime="20230223 11:39:33.413" endtime="20230223 11:39:33.413"/>
</kw>
<kw name="Create Dictionary" library="BuiltIn">
<var>${body}</var>
<arg>birthday=${birthday}</arg>
<arg>gender=${gender}</arg>
<arg>name=${name}</arg>
<arg>natid=${natid}</arg>
<arg>salary=${salary}</arg>
<arg>tax=${taxPaid}</arg>
<doc>Creates and returns a dictionary based on the given ``items``.</doc>
<msg timestamp="20230223 11:39:33.413" level="INFO">${body} = {'birthday': '24121984', 'gender': 'm', 'name': 'Peter Parker', 'natid': '', 'salary': '4500', 'tax': '1200'}</msg>
<status status="PASS" starttime="20230223 11:39:33.413" endtime="20230223 11:39:33.413"/>
</kw>
<kw name="POST" library="RequestsLibrary">
<arg>${api_url}/calculator/insert</arg>
<arg>json=${body}</arg>
<arg>headers=&amp;{headers}</arg>
<arg>expected_status=${expect}</arg>
<doc>Sends a POST request.</doc>
<msg timestamp="20230223 11:39:33.424" level="INFO">POST Request : url=http://localhost:8080/calculator/insert 
 path_url=/calculator/insert 
 headers={'User-Agent': 'python-requests/2.28.1', 'Accept-Encoding': 'gzip, deflate', 'accept': '*/*', 'Connection': 'keep-alive', 'Content-Type': 'application/json;charset=UTF-8', 'Content-Length': '109'} 
 body=b'{"birthday": "24121984", "gender": "m", "name": "Peter Parker", "natid": "", "salary": "4500", "tax": "1200"}' 
 </msg>
<msg timestamp="20230223 11:39:33.424" level="INFO">POST Response : url=http://localhost:8080/calculator/insert 
 status=202, reason= 
 headers={'Content-Type': 'text/plain;charset=UTF-8', 'Content-Length': '7', 'Date': 'Thu, 23 Feb 2023 03:39:33 GMT'} 
 body=Alright 
 </msg>
<msg timestamp="20230223 11:39:33.424" level="FAIL">Url: http://localhost:8080/calculator/insert Expected status: 202 != 500</msg>
<status status="FAIL" starttime="20230223 11:39:33.413" endtime="20230223 11:39:33.424"/>
</kw>
<status status="FAIL" starttime="20230223 11:39:33.413" endtime="20230223 11:39:33.424"/>
</kw>
<kw name="POST" library="REST" type="TEARDOWN">
<arg>${api_url}/calculator/rakeDatabase</arg>
<tag>http</tag>
<doc>*Sends a POST request to the endpoint.*</doc>
<msg timestamp="20230223 11:39:33.431" level="WARN">Response body content is not JSON. Content-Type is: application/json;charset=UTF-8</msg>
<status status="PASS" starttime="20230223 11:39:33.424" endtime="20230223 11:39:33.431"/>
</kw>
<doc>Bug encounter: expecting error if natid value is empty</doc>
<tag>Negative</tag>
<tag>US1</tag>
<status status="FAIL" starttime="20230223 11:39:33.413" endtime="20230223 11:39:33.431">Url: http://localhost:8080/calculator/insert Expected status: 202 != 500</status>
</test>
<test id="s1-s1-t11" name="US1_TC11: Invalid Details:empty salary:" line="51">
<kw name="Post Request on CalculatorInsert ${validBirthday} ${validGender_m} ${validName} ${validNatId} ${empty_value} ${validTaxPaid} ${statusCode_500}" library="common" sourcename="Post Request on CalculatorInsert ${birthday} ${gender} ${name} ${natid} ${salary} ${taxPaid} ${expect}">
<kw name="Create Dictionary" library="BuiltIn">
<var>${headers}</var>
<arg>Content-Type=application/json;charset=UTF-8</arg>
<arg>accept=*/*</arg>
<doc>Creates and returns a dictionary based on the given ``items``.</doc>
<msg timestamp="20230223 11:39:33.440" level="INFO">${headers} = {'Content-Type': 'application/json;charset=UTF-8', 'accept': '*/*'}</msg>
<status status="PASS" starttime="20230223 11:39:33.440" endtime="20230223 11:39:33.440"/>
</kw>
<kw name="Create Dictionary" library="BuiltIn">
<var>${body}</var>
<arg>birthday=${birthday}</arg>
<arg>gender=${gender}</arg>
<arg>name=${name}</arg>
<arg>natid=${natid}</arg>
<arg>salary=${salary}</arg>
<arg>tax=${taxPaid}</arg>
<doc>Creates and returns a dictionary based on the given ``items``.</doc>
<msg timestamp="20230223 11:39:33.440" level="INFO">${body} = {'birthday': '24121984', 'gender': 'm', 'name': 'Peter Parker', 'natid': '123456', 'salary': '', 'tax': '1200'}</msg>
<status status="PASS" starttime="20230223 11:39:33.440" endtime="20230223 11:39:33.440"/>
</kw>
<kw name="POST" library="RequestsLibrary">
<arg>${api_url}/calculator/insert</arg>
<arg>json=${body}</arg>
<arg>headers=&amp;{headers}</arg>
<arg>expected_status=${expect}</arg>
<doc>Sends a POST request.</doc>
<msg timestamp="20230223 11:39:33.456" level="INFO">POST Request : url=http://localhost:8080/calculator/insert 
 path_url=/calculator/insert 
 headers={'User-Agent': 'python-requests/2.28.1', 'Accept-Encoding': 'gzip, deflate', 'accept': '*/*', 'Connection': 'keep-alive', 'Content-Type': 'application/json;charset=UTF-8', 'Content-Length': '111'} 
 body=b'{"birthday": "24121984", "gender": "m", "name": "Peter Parker", "natid": "123456", "salary": "", "tax": "1200"}' 
 </msg>
<msg timestamp="20230223 11:39:33.456" level="INFO">POST Response : url=http://localhost:8080/calculator/insert 
 status=500, reason= 
 headers={'Content-Type': 'application/json;charset=UTF-8', 'Transfer-Encoding': 'chunked', 'Date': 'Thu, 23 Feb 2023 03:39:33 GMT', 'Connection': 'close'} 
 body={"timestamp":"2023-02-23T03:39:33.455+0000","status":500,"error":"Internal Server Error","message":"No message available","path":"/calculator/insert"} 
 </msg>
<status status="PASS" starttime="20230223 11:39:33.440" endtime="20230223 11:39:33.456"/>
</kw>
<status status="PASS" starttime="20230223 11:39:33.440" endtime="20230223 11:39:33.456"/>
</kw>
<kw name="POST" library="REST" type="TEARDOWN">
<arg>${api_url}/calculator/rakeDatabase</arg>
<tag>http</tag>
<doc>*Sends a POST request to the endpoint.*</doc>
<msg timestamp="20230223 11:39:33.456" level="WARN">Response body content is not JSON. Content-Type is: application/json;charset=UTF-8</msg>
<status status="PASS" starttime="20230223 11:39:33.456" endtime="20230223 11:39:33.456"/>
</kw>
<tag>Negative</tag>
<tag>US1</tag>
<status status="PASS" starttime="20230223 11:39:33.440" endtime="20230223 11:39:33.456"/>
</test>
<test id="s1-s1-t12" name="US1_TC12: Invalid Details:empty tax paid:" line="55">
<kw name="Post Request on CalculatorInsert ${validBirthday} ${validGender_m} ${validName} ${validNatId} ${validSalary} ${empty_value} ${statusCode_500}" library="common" sourcename="Post Request on CalculatorInsert ${birthday} ${gender} ${name} ${natid} ${salary} ${taxPaid} ${expect}">
<kw name="Create Dictionary" library="BuiltIn">
<var>${headers}</var>
<arg>Content-Type=application/json;charset=UTF-8</arg>
<arg>accept=*/*</arg>
<doc>Creates and returns a dictionary based on the given ``items``.</doc>
<msg timestamp="20230223 11:39:33.472" level="INFO">${headers} = {'Content-Type': 'application/json;charset=UTF-8', 'accept': '*/*'}</msg>
<status status="PASS" starttime="20230223 11:39:33.472" endtime="20230223 11:39:33.472"/>
</kw>
<kw name="Create Dictionary" library="BuiltIn">
<var>${body}</var>
<arg>birthday=${birthday}</arg>
<arg>gender=${gender}</arg>
<arg>name=${name}</arg>
<arg>natid=${natid}</arg>
<arg>salary=${salary}</arg>
<arg>tax=${taxPaid}</arg>
<doc>Creates and returns a dictionary based on the given ``items``.</doc>
<msg timestamp="20230223 11:39:33.472" level="INFO">${body} = {'birthday': '24121984', 'gender': 'm', 'name': 'Peter Parker', 'natid': '123456', 'salary': '4500', 'tax': ''}</msg>
<status status="PASS" starttime="20230223 11:39:33.472" endtime="20230223 11:39:33.472"/>
</kw>
<kw name="POST" library="RequestsLibrary">
<arg>${api_url}/calculator/insert</arg>
<arg>json=${body}</arg>
<arg>headers=&amp;{headers}</arg>
<arg>expected_status=${expect}</arg>
<doc>Sends a POST request.</doc>
<msg timestamp="20230223 11:39:33.487" level="INFO">POST Request : url=http://localhost:8080/calculator/insert 
 path_url=/calculator/insert 
 headers={'User-Agent': 'python-requests/2.28.1', 'Accept-Encoding': 'gzip, deflate', 'accept': '*/*', 'Connection': 'keep-alive', 'Content-Type': 'application/json;charset=UTF-8', 'Content-Length': '111'} 
 body=b'{"birthday": "24121984", "gender": "m", "name": "Peter Parker", "natid": "123456", "salary": "4500", "tax": ""}' 
 </msg>
<msg timestamp="20230223 11:39:33.487" level="INFO">POST Response : url=http://localhost:8080/calculator/insert 
 status=500, reason= 
 headers={'Content-Type': 'application/json;charset=UTF-8', 'Transfer-Encoding': 'chunked', 'Date': 'Thu, 23 Feb 2023 03:39:33 GMT', 'Connection': 'close'} 
 body={"timestamp":"2023-02-23T03:39:33.487+0000","status":500,"error":"Internal Server Error","message":"No message available","path":"/calculator/insert"} 
 </msg>
<status status="PASS" starttime="20230223 11:39:33.472" endtime="20230223 11:39:33.487"/>
</kw>
<status status="PASS" starttime="20230223 11:39:33.472" endtime="20230223 11:39:33.487"/>
</kw>
<kw name="POST" library="REST" type="TEARDOWN">
<arg>${api_url}/calculator/rakeDatabase</arg>
<tag>http</tag>
<doc>*Sends a POST request to the endpoint.*</doc>
<msg timestamp="20230223 11:39:33.493" level="WARN">Response body content is not JSON. Content-Type is: application/json;charset=UTF-8</msg>
<status status="PASS" starttime="20230223 11:39:33.493" endtime="20230223 11:39:33.493"/>
</kw>
<tag>Negative</tag>
<tag>US1</tag>
<status status="PASS" starttime="20230223 11:39:33.472" endtime="20230223 11:39:33.493"/>
</test>
<test id="s1-s1-t13" name="US1_TC13: Invalid Details:nonSingleChar_gender:" line="59">
<kw name="Post Request on CalculatorInsert ${validBirthday} ${FullwordGender} ${validName} ${validNatId} ${validSalary} ${validTaxPaid} ${statusCode_500}" library="common" sourcename="Post Request on CalculatorInsert ${birthday} ${gender} ${name} ${natid} ${salary} ${taxPaid} ${expect}">
<kw name="Create Dictionary" library="BuiltIn">
<var>${headers}</var>
<arg>Content-Type=application/json;charset=UTF-8</arg>
<arg>accept=*/*</arg>
<doc>Creates and returns a dictionary based on the given ``items``.</doc>
<msg timestamp="20230223 11:39:33.493" level="INFO">${headers} = {'Content-Type': 'application/json;charset=UTF-8', 'accept': '*/*'}</msg>
<status status="PASS" starttime="20230223 11:39:33.493" endtime="20230223 11:39:33.493"/>
</kw>
<kw name="Create Dictionary" library="BuiltIn">
<var>${body}</var>
<arg>birthday=${birthday}</arg>
<arg>gender=${gender}</arg>
<arg>name=${name}</arg>
<arg>natid=${natid}</arg>
<arg>salary=${salary}</arg>
<arg>tax=${taxPaid}</arg>
<doc>Creates and returns a dictionary based on the given ``items``.</doc>
<msg timestamp="20230223 11:39:33.493" level="INFO">${body} = {'birthday': '24121984', 'gender': 'FEMALE', 'name': 'Peter Parker', 'natid': '123456', 'salary': '4500', 'tax': '1200'}</msg>
<status status="PASS" starttime="20230223 11:39:33.493" endtime="20230223 11:39:33.493"/>
</kw>
<kw name="POST" library="RequestsLibrary">
<arg>${api_url}/calculator/insert</arg>
<arg>json=${body}</arg>
<arg>headers=&amp;{headers}</arg>
<arg>expected_status=${expect}</arg>
<doc>Sends a POST request.</doc>
<msg timestamp="20230223 11:39:33.513" level="INFO">POST Request : url=http://localhost:8080/calculator/insert 
 path_url=/calculator/insert 
 headers={'User-Agent': 'python-requests/2.28.1', 'Accept-Encoding': 'gzip, deflate', 'accept': '*/*', 'Connection': 'keep-alive', 'Content-Type': 'application/json;charset=UTF-8', 'Content-Length': '120'} 
 body=b'{"birthday": "24121984", "gender": "FEMALE", "name": "Peter Parker", "natid": "123456", "salary": "4500", "tax": "1200"}' 
 </msg>
<msg timestamp="20230223 11:39:33.513" level="INFO">POST Response : url=http://localhost:8080/calculator/insert 
 status=500, reason= 
 headers={'Content-Type': 'application/json;charset=UTF-8', 'Transfer-Encoding': 'chunked', 'Date': 'Thu, 23 Feb 2023 03:39:33 GMT', 'Connection': 'close'} 
 body={"timestamp":"2023-02-23T03:39:33.513+0000","status":500,"error":"Internal Server Error","message":"could not execute statement; SQL [n/a]; nested exception is org.hibernate.exception.DataException: could not execute statement","path":"/calculator/insert"} 
 </msg>
<status status="PASS" starttime="20230223 11:39:33.493" endtime="20230223 11:39:33.513"/>
</kw>
<status status="PASS" starttime="20230223 11:39:33.493" endtime="20230223 11:39:33.513"/>
</kw>
<kw name="POST" library="REST" type="TEARDOWN">
<arg>${api_url}/calculator/rakeDatabase</arg>
<tag>http</tag>
<doc>*Sends a POST request to the endpoint.*</doc>
<msg timestamp="20230223 11:39:33.525" level="WARN">Response body content is not JSON. Content-Type is: application/json;charset=UTF-8</msg>
<status status="PASS" starttime="20230223 11:39:33.513" endtime="20230223 11:39:33.525"/>
</kw>
<tag>Negative</tag>
<tag>US1</tag>
<status status="PASS" starttime="20230223 11:39:33.493" endtime="20230223 11:39:33.525"/>
</test>
<test id="s1-s1-t14" name="US1_TC14: Invalid Details:invalidChar_gender:" line="63">
<kw name="Post Request on CalculatorInsert ${validBirthday} ${invalidGender_g} ${validName} ${validNatId} ${validSalary} ${validTaxPaid} ${statusCode_500}" library="common" sourcename="Post Request on CalculatorInsert ${birthday} ${gender} ${name} ${natid} ${salary} ${taxPaid} ${expect}">
<kw name="Create Dictionary" library="BuiltIn">
<var>${headers}</var>
<arg>Content-Type=application/json;charset=UTF-8</arg>
<arg>accept=*/*</arg>
<doc>Creates and returns a dictionary based on the given ``items``.</doc>
<msg timestamp="20230223 11:39:33.525" level="INFO">${headers} = {'Content-Type': 'application/json;charset=UTF-8', 'accept': '*/*'}</msg>
<status status="PASS" starttime="20230223 11:39:33.525" endtime="20230223 11:39:33.525"/>
</kw>
<kw name="Create Dictionary" library="BuiltIn">
<var>${body}</var>
<arg>birthday=${birthday}</arg>
<arg>gender=${gender}</arg>
<arg>name=${name}</arg>
<arg>natid=${natid}</arg>
<arg>salary=${salary}</arg>
<arg>tax=${taxPaid}</arg>
<doc>Creates and returns a dictionary based on the given ``items``.</doc>
<msg timestamp="20230223 11:39:33.525" level="INFO">${body} = {'birthday': '24121984', 'gender': 'g', 'name': 'Peter Parker', 'natid': '123456', 'salary': '4500', 'tax': '1200'}</msg>
<status status="PASS" starttime="20230223 11:39:33.525" endtime="20230223 11:39:33.525"/>
</kw>
<kw name="POST" library="RequestsLibrary">
<arg>${api_url}/calculator/insert</arg>
<arg>json=${body}</arg>
<arg>headers=&amp;{headers}</arg>
<arg>expected_status=${expect}</arg>
<doc>Sends a POST request.</doc>
<msg timestamp="20230223 11:39:33.540" level="INFO">POST Request : url=http://localhost:8080/calculator/insert 
 path_url=/calculator/insert 
 headers={'User-Agent': 'python-requests/2.28.1', 'Accept-Encoding': 'gzip, deflate', 'accept': '*/*', 'Connection': 'keep-alive', 'Content-Type': 'application/json;charset=UTF-8', 'Content-Length': '115'} 
 body=b'{"birthday": "24121984", "gender": "g", "name": "Peter Parker", "natid": "123456", "salary": "4500", "tax": "1200"}' 
 </msg>
<msg timestamp="20230223 11:39:33.540" level="INFO">POST Response : url=http://localhost:8080/calculator/insert 
 status=202, reason= 
 headers={'Content-Type': 'text/plain;charset=UTF-8', 'Content-Length': '7', 'Date': 'Thu, 23 Feb 2023 03:39:33 GMT'} 
 body=Alright 
 </msg>
<msg timestamp="20230223 11:39:33.540" level="FAIL">Url: http://localhost:8080/calculator/insert Expected status: 202 != 500</msg>
<status status="FAIL" starttime="20230223 11:39:33.525" endtime="20230223 11:39:33.540"/>
</kw>
<status status="FAIL" starttime="20230223 11:39:33.525" endtime="20230223 11:39:33.540"/>
</kw>
<kw name="POST" library="REST" type="TEARDOWN">
<arg>${api_url}/calculator/rakeDatabase</arg>
<tag>http</tag>
<doc>*Sends a POST request to the endpoint.*</doc>
<msg timestamp="20230223 11:39:33.556" level="WARN">Response body content is not JSON. Content-Type is: application/json;charset=UTF-8</msg>
<status status="PASS" starttime="20230223 11:39:33.540" endtime="20230223 11:39:33.556"/>
</kw>
<doc>Bug encounter: expecting error if gender value is neither m or f</doc>
<tag>Negative</tag>
<tag>US1</tag>
<status status="FAIL" starttime="20230223 11:39:33.525" endtime="20230223 11:39:33.556">Url: http://localhost:8080/calculator/insert Expected status: 202 != 500</status>
</test>
<test id="s1-s1-t15" name="US1_TC15: Invalid Details:Charbigcapped_gender:" line="68">
<kw name="Post Request on CalculatorInsert ${validBirthday} ${CAPPEDGender} ${validName} ${validNatId} ${validSalary} ${validTaxPaid} ${statusCode_500}" library="common" sourcename="Post Request on CalculatorInsert ${birthday} ${gender} ${name} ${natid} ${salary} ${taxPaid} ${expect}">
<kw name="Create Dictionary" library="BuiltIn">
<var>${headers}</var>
<arg>Content-Type=application/json;charset=UTF-8</arg>
<arg>accept=*/*</arg>
<doc>Creates and returns a dictionary based on the given ``items``.</doc>
<msg timestamp="20230223 11:39:33.556" level="INFO">${headers} = {'Content-Type': 'application/json;charset=UTF-8', 'accept': '*/*'}</msg>
<status status="PASS" starttime="20230223 11:39:33.556" endtime="20230223 11:39:33.556"/>
</kw>
<kw name="Create Dictionary" library="BuiltIn">
<var>${body}</var>
<arg>birthday=${birthday}</arg>
<arg>gender=${gender}</arg>
<arg>name=${name}</arg>
<arg>natid=${natid}</arg>
<arg>salary=${salary}</arg>
<arg>tax=${taxPaid}</arg>
<doc>Creates and returns a dictionary based on the given ``items``.</doc>
<msg timestamp="20230223 11:39:33.556" level="INFO">${body} = {'birthday': '24121984', 'gender': 'F', 'name': 'Peter Parker', 'natid': '123456', 'salary': '4500', 'tax': '1200'}</msg>
<status status="PASS" starttime="20230223 11:39:33.556" endtime="20230223 11:39:33.556"/>
</kw>
<kw name="POST" library="RequestsLibrary">
<arg>${api_url}/calculator/insert</arg>
<arg>json=${body}</arg>
<arg>headers=&amp;{headers}</arg>
<arg>expected_status=${expect}</arg>
<doc>Sends a POST request.</doc>
<msg timestamp="20230223 11:39:33.572" level="INFO">POST Request : url=http://localhost:8080/calculator/insert 
 path_url=/calculator/insert 
 headers={'User-Agent': 'python-requests/2.28.1', 'Accept-Encoding': 'gzip, deflate', 'accept': '*/*', 'Connection': 'keep-alive', 'Content-Type': 'application/json;charset=UTF-8', 'Content-Length': '115'} 
 body=b'{"birthday": "24121984", "gender": "F", "name": "Peter Parker", "natid": "123456", "salary": "4500", "tax": "1200"}' 
 </msg>
<msg timestamp="20230223 11:39:33.572" level="INFO">POST Response : url=http://localhost:8080/calculator/insert 
 status=202, reason= 
 headers={'Content-Type': 'text/plain;charset=UTF-8', 'Content-Length': '7', 'Date': 'Thu, 23 Feb 2023 03:39:33 GMT'} 
 body=Alright 
 </msg>
<msg timestamp="20230223 11:39:33.572" level="FAIL">Url: http://localhost:8080/calculator/insert Expected status: 202 != 500</msg>
<status status="FAIL" starttime="20230223 11:39:33.556" endtime="20230223 11:39:33.572"/>
</kw>
<status status="FAIL" starttime="20230223 11:39:33.556" endtime="20230223 11:39:33.572"/>
</kw>
<kw name="POST" library="REST" type="TEARDOWN">
<arg>${api_url}/calculator/rakeDatabase</arg>
<tag>http</tag>
<doc>*Sends a POST request to the endpoint.*</doc>
<msg timestamp="20230223 11:39:33.581" level="WARN">Response body content is not JSON. Content-Type is: application/json;charset=UTF-8</msg>
<status status="PASS" starttime="20230223 11:39:33.572" endtime="20230223 11:39:33.581"/>
</kw>
<doc>Bug encounter: expecting error if gender value is in CAPPED</doc>
<tag>Negative</tag>
<tag>US1</tag>
<status status="FAIL" starttime="20230223 11:39:33.556" endtime="20230223 11:39:33.581">Url: http://localhost:8080/calculator/insert Expected status: 202 != 500</status>
</test>
<test id="s1-s1-t16" name="US1_TC16: Invalid Details:invalidDate_birthday:" line="73">
<kw name="Post Request on CalculatorInsert ${invalidDate_Birthday} ${validGender_m} ${validName} ${validNatId} ${validSalary} ${validTaxPaid} ${statusCode_500}" library="common" sourcename="Post Request on CalculatorInsert ${birthday} ${gender} ${name} ${natid} ${salary} ${taxPaid} ${expect}">
<kw name="Create Dictionary" library="BuiltIn">
<var>${headers}</var>
<arg>Content-Type=application/json;charset=UTF-8</arg>
<arg>accept=*/*</arg>
<doc>Creates and returns a dictionary based on the given ``items``.</doc>
<msg timestamp="20230223 11:39:33.587" level="INFO">${headers} = {'Content-Type': 'application/json;charset=UTF-8', 'accept': '*/*'}</msg>
<status status="PASS" starttime="20230223 11:39:33.587" endtime="20230223 11:39:33.587"/>
</kw>
<kw name="Create Dictionary" library="BuiltIn">
<var>${body}</var>
<arg>birthday=${birthday}</arg>
<arg>gender=${gender}</arg>
<arg>name=${name}</arg>
<arg>natid=${natid}</arg>
<arg>salary=${salary}</arg>
<arg>tax=${taxPaid}</arg>
<doc>Creates and returns a dictionary based on the given ``items``.</doc>
<msg timestamp="20230223 11:39:33.587" level="INFO">${body} = {'birthday': '40141980', 'gender': 'm', 'name': 'Peter Parker', 'natid': '123456', 'salary': '4500', 'tax': '1200'}</msg>
<status status="PASS" starttime="20230223 11:39:33.587" endtime="20230223 11:39:33.587"/>
</kw>
<kw name="POST" library="RequestsLibrary">
<arg>${api_url}/calculator/insert</arg>
<arg>json=${body}</arg>
<arg>headers=&amp;{headers}</arg>
<arg>expected_status=${expect}</arg>
<doc>Sends a POST request.</doc>
<msg timestamp="20230223 11:39:33.603" level="INFO">POST Request : url=http://localhost:8080/calculator/insert 
 path_url=/calculator/insert 
 headers={'User-Agent': 'python-requests/2.28.1', 'Accept-Encoding': 'gzip, deflate', 'accept': '*/*', 'Connection': 'keep-alive', 'Content-Type': 'application/json;charset=UTF-8', 'Content-Length': '115'} 
 body=b'{"birthday": "40141980", "gender": "m", "name": "Peter Parker", "natid": "123456", "salary": "4500", "tax": "1200"}' 
 </msg>
<msg timestamp="20230223 11:39:33.603" level="INFO">POST Response : url=http://localhost:8080/calculator/insert 
 status=500, reason= 
 headers={'Content-Type': 'application/json;charset=UTF-8', 'Transfer-Encoding': 'chunked', 'Date': 'Thu, 23 Feb 2023 03:39:33 GMT', 'Connection': 'close'} 
 body={"timestamp":"2023-02-23T03:39:33.603+0000","status":500,"error":"Internal Server Error","message":"Text '40141980' could not be parsed: Invalid value for MonthOfYear (valid values 1 - 12): 14","path":"/calculator/insert"} 
 </msg>
<status status="PASS" starttime="20230223 11:39:33.587" endtime="20230223 11:39:33.603"/>
</kw>
<status status="PASS" starttime="20230223 11:39:33.587" endtime="20230223 11:39:33.603"/>
</kw>
<kw name="POST" library="REST" type="TEARDOWN">
<arg>${api_url}/calculator/rakeDatabase</arg>
<tag>http</tag>
<doc>*Sends a POST request to the endpoint.*</doc>
<msg timestamp="20230223 11:39:33.614" level="WARN">Response body content is not JSON. Content-Type is: application/json;charset=UTF-8</msg>
<status status="PASS" starttime="20230223 11:39:33.603" endtime="20230223 11:39:33.614"/>
</kw>
<tag>Negative</tag>
<tag>US1</tag>
<status status="PASS" starttime="20230223 11:39:33.587" endtime="20230223 11:39:33.614"/>
</test>
<test id="s1-s1-t17" name="US1_TC17: Invalid Details:invalidDateFormat_birthday:" line="77">
<kw name="Post Request on CalculatorInsert ${invalidDateFormat_birthday} ${validGender_m} ${validName} ${validNatId} ${validSalary} ${validTaxPaid} ${statusCode_500}" library="common" sourcename="Post Request on CalculatorInsert ${birthday} ${gender} ${name} ${natid} ${salary} ${taxPaid} ${expect}">
<kw name="Create Dictionary" library="BuiltIn">
<var>${headers}</var>
<arg>Content-Type=application/json;charset=UTF-8</arg>
<arg>accept=*/*</arg>
<doc>Creates and returns a dictionary based on the given ``items``.</doc>
<msg timestamp="20230223 11:39:33.614" level="INFO">${headers} = {'Content-Type': 'application/json;charset=UTF-8', 'accept': '*/*'}</msg>
<status status="PASS" starttime="20230223 11:39:33.614" endtime="20230223 11:39:33.614"/>
</kw>
<kw name="Create Dictionary" library="BuiltIn">
<var>${body}</var>
<arg>birthday=${birthday}</arg>
<arg>gender=${gender}</arg>
<arg>name=${name}</arg>
<arg>natid=${natid}</arg>
<arg>salary=${salary}</arg>
<arg>tax=${taxPaid}</arg>
<doc>Creates and returns a dictionary based on the given ``items``.</doc>
<msg timestamp="20230223 11:39:33.614" level="INFO">${body} = {'birthday': '24DEC1984', 'gender': 'm', 'name': 'Peter Parker', 'natid': '123456', 'salary': '4500', 'tax': '1200'}</msg>
<status status="PASS" starttime="20230223 11:39:33.614" endtime="20230223 11:39:33.614"/>
</kw>
<kw name="POST" library="RequestsLibrary">
<arg>${api_url}/calculator/insert</arg>
<arg>json=${body}</arg>
<arg>headers=&amp;{headers}</arg>
<arg>expected_status=${expect}</arg>
<doc>Sends a POST request.</doc>
<msg timestamp="20230223 11:39:33.619" level="INFO">POST Request : url=http://localhost:8080/calculator/insert 
 path_url=/calculator/insert 
 headers={'User-Agent': 'python-requests/2.28.1', 'Accept-Encoding': 'gzip, deflate', 'accept': '*/*', 'Connection': 'keep-alive', 'Content-Type': 'application/json;charset=UTF-8', 'Content-Length': '116'} 
 body=b'{"birthday": "24DEC1984", "gender": "m", "name": "Peter Parker", "natid": "123456", "salary": "4500", "tax": "1200"}' 
 </msg>
<msg timestamp="20230223 11:39:33.619" level="INFO">POST Response : url=http://localhost:8080/calculator/insert 
 status=500, reason= 
 headers={'Content-Type': 'application/json;charset=UTF-8', 'Transfer-Encoding': 'chunked', 'Date': 'Thu, 23 Feb 2023 03:39:33 GMT', 'Connection': 'close'} 
 body={"timestamp":"2023-02-23T03:39:33.619+0000","status":500,"error":"Internal Server Error","message":"Text '24DEC1984' could not be parsed at index 2","path":"/calculator/insert"} 
 </msg>
<status status="PASS" starttime="20230223 11:39:33.614" endtime="20230223 11:39:33.619"/>
</kw>
<status status="PASS" starttime="20230223 11:39:33.614" endtime="20230223 11:39:33.619"/>
</kw>
<kw name="POST" library="REST" type="TEARDOWN">
<arg>${api_url}/calculator/rakeDatabase</arg>
<tag>http</tag>
<doc>*Sends a POST request to the endpoint.*</doc>
<msg timestamp="20230223 11:39:33.635" level="WARN">Response body content is not JSON. Content-Type is: application/json;charset=UTF-8</msg>
<status status="PASS" starttime="20230223 11:39:33.619" endtime="20230223 11:39:33.635"/>
</kw>
<tag>Negative</tag>
<tag>US1</tag>
<status status="PASS" starttime="20230223 11:39:33.614" endtime="20230223 11:39:33.635"/>
</test>
<test id="s1-s1-t18" name="US1_TC18: Invalid Details:NegValue_birthday:" line="81">
<kw name="Post Request on CalculatorInsert ${invalidDateNegValue_birthday} ${validGender_m} ${validName} ${validNatId} ${validSalary} ${validTaxPaid} ${statusCode_500}" library="common" sourcename="Post Request on CalculatorInsert ${birthday} ${gender} ${name} ${natid} ${salary} ${taxPaid} ${expect}">
<kw name="Create Dictionary" library="BuiltIn">
<var>${headers}</var>
<arg>Content-Type=application/json;charset=UTF-8</arg>
<arg>accept=*/*</arg>
<doc>Creates and returns a dictionary based on the given ``items``.</doc>
<msg timestamp="20230223 11:39:33.635" level="INFO">${headers} = {'Content-Type': 'application/json;charset=UTF-8', 'accept': '*/*'}</msg>
<status status="PASS" starttime="20230223 11:39:33.635" endtime="20230223 11:39:33.635"/>
</kw>
<kw name="Create Dictionary" library="BuiltIn">
<var>${body}</var>
<arg>birthday=${birthday}</arg>
<arg>gender=${gender}</arg>
<arg>name=${name}</arg>
<arg>natid=${natid}</arg>
<arg>salary=${salary}</arg>
<arg>tax=${taxPaid}</arg>
<doc>Creates and returns a dictionary based on the given ``items``.</doc>
<msg timestamp="20230223 11:39:33.635" level="INFO">${body} = {'birthday': '-24121984', 'gender': 'm', 'name': 'Peter Parker', 'natid': '123456', 'salary': '4500', 'tax': '1200'}</msg>
<status status="PASS" starttime="20230223 11:39:33.635" endtime="20230223 11:39:33.635"/>
</kw>
<kw name="POST" library="RequestsLibrary">
<arg>${api_url}/calculator/insert</arg>
<arg>json=${body}</arg>
<arg>headers=&amp;{headers}</arg>
<arg>expected_status=${expect}</arg>
<doc>Sends a POST request.</doc>
<msg timestamp="20230223 11:39:33.650" level="INFO">POST Request : url=http://localhost:8080/calculator/insert 
 path_url=/calculator/insert 
 headers={'User-Agent': 'python-requests/2.28.1', 'Accept-Encoding': 'gzip, deflate', 'accept': '*/*', 'Connection': 'keep-alive', 'Content-Type': 'application/json;charset=UTF-8', 'Content-Length': '116'} 
 body=b'{"birthday": "-24121984", "gender": "m", "name": "Peter Parker", "natid": "123456", "salary": "4500", "tax": "1200"}' 
 </msg>
<msg timestamp="20230223 11:39:33.650" level="INFO">POST Response : url=http://localhost:8080/calculator/insert 
 status=500, reason= 
 headers={'Content-Type': 'application/json;charset=UTF-8', 'Transfer-Encoding': 'chunked', 'Date': 'Thu, 23 Feb 2023 03:39:33 GMT', 'Connection': 'close'} 
 body={"timestamp":"2023-02-23T03:39:33.650+0000","status":500,"error":"Internal Server Error","message":"Text '-24121984' could not be parsed at index 0","path":"/calculator/insert"} 
 </msg>
<status status="PASS" starttime="20230223 11:39:33.635" endtime="20230223 11:39:33.650"/>
</kw>
<status status="PASS" starttime="20230223 11:39:33.635" endtime="20230223 11:39:33.650"/>
</kw>
<kw name="POST" library="REST" type="TEARDOWN">
<arg>${api_url}/calculator/rakeDatabase</arg>
<tag>http</tag>
<doc>*Sends a POST request to the endpoint.*</doc>
<msg timestamp="20230223 11:39:33.650" level="WARN">Response body content is not JSON. Content-Type is: application/json;charset=UTF-8</msg>
<status status="PASS" starttime="20230223 11:39:33.650" endtime="20230223 11:39:33.666"/>
</kw>
<tag>Negative</tag>
<tag>US1</tag>
<status status="PASS" starttime="20230223 11:39:33.635" endtime="20230223 11:39:33.666"/>
</test>
<test id="s1-s1-t19" name="US1_TC19: Invalid Details:SpecialChar_birthday:" line="85">
<kw name="Post Request on CalculatorInsert ${invalidDateSpecialChar_birthday} ${validGender_m} ${validName} ${validNatId} ${validSalary} ${validTaxPaid} ${statusCode_500}" library="common" sourcename="Post Request on CalculatorInsert ${birthday} ${gender} ${name} ${natid} ${salary} ${taxPaid} ${expect}">
<kw name="Create Dictionary" library="BuiltIn">
<var>${headers}</var>
<arg>Content-Type=application/json;charset=UTF-8</arg>
<arg>accept=*/*</arg>
<doc>Creates and returns a dictionary based on the given ``items``.</doc>
<msg timestamp="20230223 11:39:33.666" level="INFO">${headers} = {'Content-Type': 'application/json;charset=UTF-8', 'accept': '*/*'}</msg>
<status status="PASS" starttime="20230223 11:39:33.666" endtime="20230223 11:39:33.666"/>
</kw>
<kw name="Create Dictionary" library="BuiltIn">
<var>${body}</var>
<arg>birthday=${birthday}</arg>
<arg>gender=${gender}</arg>
<arg>name=${name}</arg>
<arg>natid=${natid}</arg>
<arg>salary=${salary}</arg>
<arg>tax=${taxPaid}</arg>
<doc>Creates and returns a dictionary based on the given ``items``.</doc>
<msg timestamp="20230223 11:39:33.666" level="INFO">${body} = {'birthday': '24&amp;*!1984', 'gender': 'm', 'name': 'Peter Parker', 'natid': '123456', 'salary': '4500', 'tax': '1200'}</msg>
<status status="PASS" starttime="20230223 11:39:33.666" endtime="20230223 11:39:33.666"/>
</kw>
<kw name="POST" library="RequestsLibrary">
<arg>${api_url}/calculator/insert</arg>
<arg>json=${body}</arg>
<arg>headers=&amp;{headers}</arg>
<arg>expected_status=${expect}</arg>
<doc>Sends a POST request.</doc>
<msg timestamp="20230223 11:39:33.682" level="INFO">POST Request : url=http://localhost:8080/calculator/insert 
 path_url=/calculator/insert 
 headers={'User-Agent': 'python-requests/2.28.1', 'Accept-Encoding': 'gzip, deflate', 'accept': '*/*', 'Connection': 'keep-alive', 'Content-Type': 'application/json;charset=UTF-8', 'Content-Length': '116'} 
 body=b'{"birthday": "24&amp;*!1984", "gender": "m", "name": "Peter Parker", "natid": "123456", "salary": "4500", "tax": "1200"}' 
 </msg>
<msg timestamp="20230223 11:39:33.682" level="INFO">POST Response : url=http://localhost:8080/calculator/insert 
 status=500, reason= 
 headers={'Content-Type': 'application/json;charset=UTF-8', 'Transfer-Encoding': 'chunked', 'Date': 'Thu, 23 Feb 2023 03:39:33 GMT', 'Connection': 'close'} 
 body={"timestamp":"2023-02-23T03:39:33.665+0000","status":500,"error":"Internal Server Error","message":"Text '24&amp;*!1984' could not be parsed at index 2","path":"/calculator/insert"} 
 </msg>
<status status="PASS" starttime="20230223 11:39:33.666" endtime="20230223 11:39:33.682"/>
</kw>
<status status="PASS" starttime="20230223 11:39:33.666" endtime="20230223 11:39:33.682"/>
</kw>
<kw name="POST" library="REST" type="TEARDOWN">
<arg>${api_url}/calculator/rakeDatabase</arg>
<tag>http</tag>
<doc>*Sends a POST request to the endpoint.*</doc>
<msg timestamp="20230223 11:39:33.682" level="WARN">Response body content is not JSON. Content-Type is: application/json;charset=UTF-8</msg>
<status status="PASS" starttime="20230223 11:39:33.682" endtime="20230223 11:39:33.682"/>
</kw>
<tag>Negative</tag>
<tag>US1</tag>
<status status="PASS" starttime="20230223 11:39:33.666" endtime="20230223 11:39:33.682"/>
</test>
<test id="s1-s1-t20" name="US1_TC20: Invalid Details:NegValue_salary:" line="89">
<kw name="Post Request on CalculatorInsert ${validBirthday} ${validGender_m} ${validName} ${validNatId} ${invalidNegValue_salary} ${validTaxPaid} ${statusCode_500}" library="common" sourcename="Post Request on CalculatorInsert ${birthday} ${gender} ${name} ${natid} ${salary} ${taxPaid} ${expect}">
<kw name="Create Dictionary" library="BuiltIn">
<var>${headers}</var>
<arg>Content-Type=application/json;charset=UTF-8</arg>
<arg>accept=*/*</arg>
<doc>Creates and returns a dictionary based on the given ``items``.</doc>
<msg timestamp="20230223 11:39:33.682" level="INFO">${headers} = {'Content-Type': 'application/json;charset=UTF-8', 'accept': '*/*'}</msg>
<status status="PASS" starttime="20230223 11:39:33.682" endtime="20230223 11:39:33.682"/>
</kw>
<kw name="Create Dictionary" library="BuiltIn">
<var>${body}</var>
<arg>birthday=${birthday}</arg>
<arg>gender=${gender}</arg>
<arg>name=${name}</arg>
<arg>natid=${natid}</arg>
<arg>salary=${salary}</arg>
<arg>tax=${taxPaid}</arg>
<doc>Creates and returns a dictionary based on the given ``items``.</doc>
<msg timestamp="20230223 11:39:33.697" level="INFO">${body} = {'birthday': '24121984', 'gender': 'm', 'name': 'Peter Parker', 'natid': '123456', 'salary': '-5000', 'tax': '1200'}</msg>
<status status="PASS" starttime="20230223 11:39:33.682" endtime="20230223 11:39:33.697"/>
</kw>
<kw name="POST" library="RequestsLibrary">
<arg>${api_url}/calculator/insert</arg>
<arg>json=${body}</arg>
<arg>headers=&amp;{headers}</arg>
<arg>expected_status=${expect}</arg>
<doc>Sends a POST request.</doc>
<msg timestamp="20230223 11:39:33.697" level="INFO">POST Request : url=http://localhost:8080/calculator/insert 
 path_url=/calculator/insert 
 headers={'User-Agent': 'python-requests/2.28.1', 'Accept-Encoding': 'gzip, deflate', 'accept': '*/*', 'Connection': 'keep-alive', 'Content-Type': 'application/json;charset=UTF-8', 'Content-Length': '116'} 
 body=b'{"birthday": "24121984", "gender": "m", "name": "Peter Parker", "natid": "123456", "salary": "-5000", "tax": "1200"}' 
 </msg>
<msg timestamp="20230223 11:39:33.697" level="INFO">POST Response : url=http://localhost:8080/calculator/insert 
 status=202, reason= 
 headers={'Content-Type': 'text/plain;charset=UTF-8', 'Content-Length': '7', 'Date': 'Thu, 23 Feb 2023 03:39:33 GMT'} 
 body=Alright 
 </msg>
<msg timestamp="20230223 11:39:33.697" level="FAIL">Url: http://localhost:8080/calculator/insert Expected status: 202 != 500</msg>
<status status="FAIL" starttime="20230223 11:39:33.697" endtime="20230223 11:39:33.697"/>
</kw>
<status status="FAIL" starttime="20230223 11:39:33.682" endtime="20230223 11:39:33.697"/>
</kw>
<kw name="POST" library="REST" type="TEARDOWN">
<arg>${api_url}/calculator/rakeDatabase</arg>
<tag>http</tag>
<doc>*Sends a POST request to the endpoint.*</doc>
<msg timestamp="20230223 11:39:33.714" level="WARN">Response body content is not JSON. Content-Type is: application/json;charset=UTF-8</msg>
<status status="PASS" starttime="20230223 11:39:33.697" endtime="20230223 11:39:33.714"/>
</kw>
<doc>Bug encounter: expecting error if salary value is negative</doc>
<tag>Negative</tag>
<tag>US1</tag>
<status status="FAIL" starttime="20230223 11:39:33.682" endtime="20230223 11:39:33.714">Url: http://localhost:8080/calculator/insert Expected status: 202 != 500</status>
</test>
<test id="s1-s1-t21" name="US1_TC21: Invalid Details:MixValue_salary:" line="94">
<kw name="Post Request on CalculatorInsert ${validBirthday} ${validGender_m} ${validName} ${validNatId} ${invalidMixValue_salary} ${validTaxPaid} ${statusCode_500}" library="common" sourcename="Post Request on CalculatorInsert ${birthday} ${gender} ${name} ${natid} ${salary} ${taxPaid} ${expect}">
<kw name="Create Dictionary" library="BuiltIn">
<var>${headers}</var>
<arg>Content-Type=application/json;charset=UTF-8</arg>
<arg>accept=*/*</arg>
<doc>Creates and returns a dictionary based on the given ``items``.</doc>
<msg timestamp="20230223 11:39:33.714" level="INFO">${headers} = {'Content-Type': 'application/json;charset=UTF-8', 'accept': '*/*'}</msg>
<status status="PASS" starttime="20230223 11:39:33.714" endtime="20230223 11:39:33.714"/>
</kw>
<kw name="Create Dictionary" library="BuiltIn">
<var>${body}</var>
<arg>birthday=${birthday}</arg>
<arg>gender=${gender}</arg>
<arg>name=${name}</arg>
<arg>natid=${natid}</arg>
<arg>salary=${salary}</arg>
<arg>tax=${taxPaid}</arg>
<doc>Creates and returns a dictionary based on the given ``items``.</doc>
<msg timestamp="20230223 11:39:33.714" level="INFO">${body} = {'birthday': '24121984', 'gender': 'm', 'name': 'Peter Parker', 'natid': '123456', 'salary': 'SGD5000', 'tax': '1200'}</msg>
<status status="PASS" starttime="20230223 11:39:33.714" endtime="20230223 11:39:33.714"/>
</kw>
<kw name="POST" library="RequestsLibrary">
<arg>${api_url}/calculator/insert</arg>
<arg>json=${body}</arg>
<arg>headers=&amp;{headers}</arg>
<arg>expected_status=${expect}</arg>
<doc>Sends a POST request.</doc>
<msg timestamp="20230223 11:39:33.729" level="INFO">POST Request : url=http://localhost:8080/calculator/insert 
 path_url=/calculator/insert 
 headers={'User-Agent': 'python-requests/2.28.1', 'Accept-Encoding': 'gzip, deflate', 'accept': '*/*', 'Connection': 'keep-alive', 'Content-Type': 'application/json;charset=UTF-8', 'Content-Length': '118'} 
 body=b'{"birthday": "24121984", "gender": "m", "name": "Peter Parker", "natid": "123456", "salary": "SGD5000", "tax": "1200"}' 
 </msg>
<msg timestamp="20230223 11:39:33.729" level="INFO">POST Response : url=http://localhost:8080/calculator/insert 
 status=500, reason= 
 headers={'Content-Type': 'application/json;charset=UTF-8', 'Transfer-Encoding': 'chunked', 'Date': 'Thu, 23 Feb 2023 03:39:33 GMT', 'Connection': 'close'} 
 body={"timestamp":"2023-02-23T03:39:33.728+0000","status":500,"error":"Internal Server Error","message":"Character S is neither a decimal digit number, decimal point, nor \"e\" notation exponential mark.","path":"/calculator/insert"} 
 </msg>
<status status="PASS" starttime="20230223 11:39:33.714" endtime="20230223 11:39:33.729"/>
</kw>
<status status="PASS" starttime="20230223 11:39:33.714" endtime="20230223 11:39:33.729"/>
</kw>
<kw name="POST" library="REST" type="TEARDOWN">
<arg>${api_url}/calculator/rakeDatabase</arg>
<tag>http</tag>
<doc>*Sends a POST request to the endpoint.*</doc>
<msg timestamp="20230223 11:39:33.729" level="WARN">Response body content is not JSON. Content-Type is: application/json;charset=UTF-8</msg>
<status status="PASS" starttime="20230223 11:39:33.729" endtime="20230223 11:39:33.729"/>
</kw>
<tag>Negative</tag>
<tag>US1</tag>
<status status="PASS" starttime="20230223 11:39:33.714" endtime="20230223 11:39:33.729"/>
</test>
<test id="s1-s1-t22" name="US1_TC23: Invalid Details:SpecialChar_salary:" line="98">
<kw name="Post Request on CalculatorInsert ${validBirthday} ${validGender_m} ${validName} ${validNatId} ${invalidSpecialChar_salary} ${validTaxPaid} ${statusCode_500}" library="common" sourcename="Post Request on CalculatorInsert ${birthday} ${gender} ${name} ${natid} ${salary} ${taxPaid} ${expect}">
<kw name="Create Dictionary" library="BuiltIn">
<var>${headers}</var>
<arg>Content-Type=application/json;charset=UTF-8</arg>
<arg>accept=*/*</arg>
<doc>Creates and returns a dictionary based on the given ``items``.</doc>
<msg timestamp="20230223 11:39:33.744" level="INFO">${headers} = {'Content-Type': 'application/json;charset=UTF-8', 'accept': '*/*'}</msg>
<status status="PASS" starttime="20230223 11:39:33.744" endtime="20230223 11:39:33.744"/>
</kw>
<kw name="Create Dictionary" library="BuiltIn">
<var>${body}</var>
<arg>birthday=${birthday}</arg>
<arg>gender=${gender}</arg>
<arg>name=${name}</arg>
<arg>natid=${natid}</arg>
<arg>salary=${salary}</arg>
<arg>tax=${taxPaid}</arg>
<doc>Creates and returns a dictionary based on the given ``items``.</doc>
<msg timestamp="20230223 11:39:33.744" level="INFO">${body} = {'birthday': '24121984', 'gender': 'm', 'name': 'Peter Parker', 'natid': '123456', 'salary': '50&amp;*!!', 'tax': '1200'}</msg>
<status status="PASS" starttime="20230223 11:39:33.744" endtime="20230223 11:39:33.744"/>
</kw>
<kw name="POST" library="RequestsLibrary">
<arg>${api_url}/calculator/insert</arg>
<arg>json=${body}</arg>
<arg>headers=&amp;{headers}</arg>
<arg>expected_status=${expect}</arg>
<doc>Sends a POST request.</doc>
<msg timestamp="20230223 11:39:33.760" level="INFO">POST Request : url=http://localhost:8080/calculator/insert 
 path_url=/calculator/insert 
 headers={'User-Agent': 'python-requests/2.28.1', 'Accept-Encoding': 'gzip, deflate', 'accept': '*/*', 'Connection': 'keep-alive', 'Content-Type': 'application/json;charset=UTF-8', 'Content-Length': '117'} 
 body=b'{"birthday": "24121984", "gender": "m", "name": "Peter Parker", "natid": "123456", "salary": "50&amp;*!!", "tax": "1200"}' 
 </msg>
<msg timestamp="20230223 11:39:33.760" level="INFO">POST Response : url=http://localhost:8080/calculator/insert 
 status=500, reason= 
 headers={'Content-Type': 'application/json;charset=UTF-8', 'Transfer-Encoding': 'chunked', 'Date': 'Thu, 23 Feb 2023 03:39:33 GMT', 'Connection': 'close'} 
 body={"timestamp":"2023-02-23T03:39:33.760+0000","status":500,"error":"Internal Server Error","message":"Character &amp; is neither a decimal digit number, decimal point, nor \"e\" notation exponential mark.","path":"/calculator/insert"} 
 </msg>
<status status="PASS" starttime="20230223 11:39:33.744" endtime="20230223 11:39:33.760"/>
</kw>
<status status="PASS" starttime="20230223 11:39:33.744" endtime="20230223 11:39:33.760"/>
</kw>
<kw name="POST" library="REST" type="TEARDOWN">
<arg>${api_url}/calculator/rakeDatabase</arg>
<tag>http</tag>
<doc>*Sends a POST request to the endpoint.*</doc>
<msg timestamp="20230223 11:39:33.760" level="WARN">Response body content is not JSON. Content-Type is: application/json;charset=UTF-8</msg>
<status status="PASS" starttime="20230223 11:39:33.760" endtime="20230223 11:39:33.760"/>
</kw>
<tag>Negative</tag>
<tag>US1</tag>
<status status="PASS" starttime="20230223 11:39:33.744" endtime="20230223 11:39:33.760"/>
</test>
<test id="s1-s1-t23" name="US1_TC24: Invalid Details:NegValue_taxPaid:" line="102">
<kw name="Post Request on CalculatorInsert ${validBirthday} ${validGender_m} ${validName} ${validNatId} ${validSalary} ${invalidNegValue_taxPaid} ${statusCode_500}" library="common" sourcename="Post Request on CalculatorInsert ${birthday} ${gender} ${name} ${natid} ${salary} ${taxPaid} ${expect}">
<kw name="Create Dictionary" library="BuiltIn">
<var>${headers}</var>
<arg>Content-Type=application/json;charset=UTF-8</arg>
<arg>accept=*/*</arg>
<doc>Creates and returns a dictionary based on the given ``items``.</doc>
<msg timestamp="20230223 11:39:33.760" level="INFO">${headers} = {'Content-Type': 'application/json;charset=UTF-8', 'accept': '*/*'}</msg>
<status status="PASS" starttime="20230223 11:39:33.760" endtime="20230223 11:39:33.760"/>
</kw>
<kw name="Create Dictionary" library="BuiltIn">
<var>${body}</var>
<arg>birthday=${birthday}</arg>
<arg>gender=${gender}</arg>
<arg>name=${name}</arg>
<arg>natid=${natid}</arg>
<arg>salary=${salary}</arg>
<arg>tax=${taxPaid}</arg>
<doc>Creates and returns a dictionary based on the given ``items``.</doc>
<msg timestamp="20230223 11:39:33.776" level="INFO">${body} = {'birthday': '24121984', 'gender': 'm', 'name': 'Peter Parker', 'natid': '123456', 'salary': '4500', 'tax': '-1200'}</msg>
<status status="PASS" starttime="20230223 11:39:33.776" endtime="20230223 11:39:33.776"/>
</kw>
<kw name="POST" library="RequestsLibrary">
<arg>${api_url}/calculator/insert</arg>
<arg>json=${body}</arg>
<arg>headers=&amp;{headers}</arg>
<arg>expected_status=${expect}</arg>
<doc>Sends a POST request.</doc>
<msg timestamp="20230223 11:39:33.776" level="INFO">POST Request : url=http://localhost:8080/calculator/insert 
 path_url=/calculator/insert 
 headers={'User-Agent': 'python-requests/2.28.1', 'Accept-Encoding': 'gzip, deflate', 'accept': '*/*', 'Connection': 'keep-alive', 'Content-Type': 'application/json;charset=UTF-8', 'Content-Length': '116'} 
 body=b'{"birthday": "24121984", "gender": "m", "name": "Peter Parker", "natid": "123456", "salary": "4500", "tax": "-1200"}' 
 </msg>
<msg timestamp="20230223 11:39:33.776" level="INFO">POST Response : url=http://localhost:8080/calculator/insert 
 status=202, reason= 
 headers={'Content-Type': 'text/plain;charset=UTF-8', 'Content-Length': '7', 'Date': 'Thu, 23 Feb 2023 03:39:33 GMT'} 
 body=Alright 
 </msg>
<msg timestamp="20230223 11:39:33.776" level="FAIL">Url: http://localhost:8080/calculator/insert Expected status: 202 != 500</msg>
<status status="FAIL" starttime="20230223 11:39:33.776" endtime="20230223 11:39:33.776"/>
</kw>
<status status="FAIL" starttime="20230223 11:39:33.760" endtime="20230223 11:39:33.776"/>
</kw>
<kw name="POST" library="REST" type="TEARDOWN">
<arg>${api_url}/calculator/rakeDatabase</arg>
<tag>http</tag>
<doc>*Sends a POST request to the endpoint.*</doc>
<msg timestamp="20230223 11:39:33.792" level="WARN">Response body content is not JSON. Content-Type is: application/json;charset=UTF-8</msg>
<status status="PASS" starttime="20230223 11:39:33.776" endtime="20230223 11:39:33.792"/>
</kw>
<doc>Bug encounter: expecting error if taxPaid value is negative</doc>
<tag>Negative</tag>
<tag>US1</tag>
<status status="FAIL" starttime="20230223 11:39:33.760" endtime="20230223 11:39:33.792">Url: http://localhost:8080/calculator/insert Expected status: 202 != 500</status>
</test>
<test id="s1-s1-t24" name="US1_TC25: Invalid Details:MixCharsType_taxPaid:" line="107">
<kw name="Post Request on CalculatorInsert ${validBirthday} ${validGender_m} ${validName} ${validNatId} ${validSalary} ${invalidMixValue_salary} ${statusCode_500}" library="common" sourcename="Post Request on CalculatorInsert ${birthday} ${gender} ${name} ${natid} ${salary} ${taxPaid} ${expect}">
<kw name="Create Dictionary" library="BuiltIn">
<var>${headers}</var>
<arg>Content-Type=application/json;charset=UTF-8</arg>
<arg>accept=*/*</arg>
<doc>Creates and returns a dictionary based on the given ``items``.</doc>
<msg timestamp="20230223 11:39:33.792" level="INFO">${headers} = {'Content-Type': 'application/json;charset=UTF-8', 'accept': '*/*'}</msg>
<status status="PASS" starttime="20230223 11:39:33.792" endtime="20230223 11:39:33.792"/>
</kw>
<kw name="Create Dictionary" library="BuiltIn">
<var>${body}</var>
<arg>birthday=${birthday}</arg>
<arg>gender=${gender}</arg>
<arg>name=${name}</arg>
<arg>natid=${natid}</arg>
<arg>salary=${salary}</arg>
<arg>tax=${taxPaid}</arg>
<doc>Creates and returns a dictionary based on the given ``items``.</doc>
<msg timestamp="20230223 11:39:33.792" level="INFO">${body} = {'birthday': '24121984', 'gender': 'm', 'name': 'Peter Parker', 'natid': '123456', 'salary': '4500', 'tax': 'SGD5000'}</msg>
<status status="PASS" starttime="20230223 11:39:33.792" endtime="20230223 11:39:33.792"/>
</kw>
<kw name="POST" library="RequestsLibrary">
<arg>${api_url}/calculator/insert</arg>
<arg>json=${body}</arg>
<arg>headers=&amp;{headers}</arg>
<arg>expected_status=${expect}</arg>
<doc>Sends a POST request.</doc>
<msg timestamp="20230223 11:39:33.814" level="INFO">POST Request : url=http://localhost:8080/calculator/insert 
 path_url=/calculator/insert 
 headers={'User-Agent': 'python-requests/2.28.1', 'Accept-Encoding': 'gzip, deflate', 'accept': '*/*', 'Connection': 'keep-alive', 'Content-Type': 'application/json;charset=UTF-8', 'Content-Length': '118'} 
 body=b'{"birthday": "24121984", "gender": "m", "name": "Peter Parker", "natid": "123456", "salary": "4500", "tax": "SGD5000"}' 
 </msg>
<msg timestamp="20230223 11:39:33.814" level="INFO">POST Response : url=http://localhost:8080/calculator/insert 
 status=500, reason= 
 headers={'Content-Type': 'application/json;charset=UTF-8', 'Transfer-Encoding': 'chunked', 'Date': 'Thu, 23 Feb 2023 03:39:33 GMT', 'Connection': 'close'} 
 body={"timestamp":"2023-02-23T03:39:33.813+0000","status":500,"error":"Internal Server Error","message":"Character S is neither a decimal digit number, decimal point, nor \"e\" notation exponential mark.","path":"/calculator/insert"} 
 </msg>
<status status="PASS" starttime="20230223 11:39:33.792" endtime="20230223 11:39:33.814"/>
</kw>
<status status="PASS" starttime="20230223 11:39:33.792" endtime="20230223 11:39:33.814"/>
</kw>
<kw name="POST" library="REST" type="TEARDOWN">
<arg>${api_url}/calculator/rakeDatabase</arg>
<tag>http</tag>
[...]
</kw>
<kw name="Get WebElement" library="SeleniumLibrary">
<var>${actualCashDispendTxt}</var>
<arg>xpath=${Cash_dispensed_text_WebElementLocator}</arg>
<doc>Returns the first WebElement matching the given ``locator``.</doc>
<msg timestamp="20230223 11:40:26.641" level="INFO">${actualCashDispendTxt} = &lt;selenium.webdriver.remote.webelement.WebElement (session="f4d71026-42f3-4711-bc1c-6a3fbe6bc275", element="b1d9eb3f-eb56-497e-bda4-1d9c8917b32e")&gt;</msg>
<status status="PASS" starttime="20230223 11:40:26.633" endtime="20230223 11:40:26.641"/>
</kw>
<kw name="Element Should Contain" library="SeleniumLibrary">
<arg>${actualCashDispendTxt}</arg>
<arg>${expect_Cash_Dispensed_Text}</arg>
<doc>Verifies that element ``locator`` contains text ``expected``.</doc>
<msg timestamp="20230223 11:40:26.665" level="INFO">Element '&lt;selenium.webdriver.remote.webelement.WebElement (session="f4d71026-42f3-4711-bc1c-6a3fbe6bc275", element="b1d9eb3f-eb56-497e-bda4-1d9c8917b32e")&gt;' contains text 'Cash dispensed'.</msg>
<status status="PASS" starttime="20230223 11:40:26.641" endtime="20230223 11:40:26.665"/>
</kw>
<status status="PASS" starttime="20230223 11:40:19.576" endtime="20230223 11:40:26.665"/>
</kw>
<kw name="Close Browser" library="SeleniumLibrary" type="TEARDOWN">
<doc>Closes the current browser.</doc>
<status status="PASS" starttime="20230223 11:40:26.665" endtime="20230223 11:40:29.475"/>
</kw>
<doc>Should able to display tax relief successfully when the Cash dispensed button clicked via Firefox Browser</doc>
<tag>BrowserCompatibility</tag>
<tag>Positive</tag>
<tag>Smoke</tag>
<tag>US5</tag>
<status status="PASS" starttime="20230223 11:40:19.576" endtime="20230223 11:40:29.475"/>
</test>
<test id="s1-s5-t3" name="US5_TC3: Should able to dispense tax relief: Edge" line="18">
<kw name="Dispense Tax Relief Edge ${Cash_dispensed} ${color_code}" library="common" sourcename="Dispense Tax Relief ${BROWSER} ${expect_Cash_Dispensed_Text} ${expect_Cash_Dispensed_Color}">
<kw name="Open Browser" library="SeleniumLibrary">
<arg>${api_url}</arg>
<arg>${BROWSER}</arg>
<doc>Opens a new browser instance to the optional ``url``.</doc>
<msg timestamp="20230223 11:40:29.475" level="INFO">Opening browser 'Edge' to base url 'http://localhost:8080'.</msg>
<status status="PASS" starttime="20230223 11:40:29.475" endtime="20230223 11:40:31.592"/>
</kw>
<kw name="Wait Until Element Is Visible" library="SeleniumLibrary">
<arg>xpath=${Cash_dispensed_button_webElementLocator}</arg>
<arg>timeout=5</arg>
<doc>Waits until the element ``locator`` is visible.</doc>
<status status="PASS" starttime="20230223 11:40:31.592" endtime="20230223 11:40:31.635"/>
</kw>
<kw name="Get WebElement" library="SeleniumLibrary">
<var>${Cash_dispensedButton}</var>
<arg>xpath=${Cash_dispensed_button_webElementLocator}</arg>
<doc>Returns the first WebElement matching the given ``locator``.</doc>
<msg timestamp="20230223 11:40:31.635" level="INFO">${Cash_dispensedButton} = &lt;selenium.webdriver.remote.webelement.WebElement (session="ed081b3058bf78a610c5baf4f798e474", element="a65c1801-8dca-429e-90d3-0a9f30bb5ed6")&gt;</msg>
<status status="PASS" starttime="20230223 11:40:31.635" endtime="20230223 11:40:31.635"/>
</kw>
<kw name="Call Method" library="BuiltIn">
<var>${actualButton_color}</var>
<arg>${Cash_dispensedButton}</arg>
<arg>value_of_css_property</arg>
<arg>background-color</arg>
<doc>Calls the named method of the given object with the provided arguments.</doc>
<msg timestamp="20230223 11:40:31.650" level="INFO">${actualButton_color} = rgba(220, 53, 69, 1)</msg>
<status status="PASS" starttime="20230223 11:40:31.635" endtime="20230223 11:40:31.650"/>
</kw>
<kw name="Should Match Regexp" library="BuiltIn">
<arg>${actualButton_color}</arg>
<arg>${expect_Cash_Dispensed_Color}</arg>
<doc>Fails if ``string`` does not match ``pattern`` as a regular expression.</doc>
<status status="PASS" starttime="20230223 11:40:31.650" endtime="20230223 11:40:31.650"/>
</kw>
<kw name="Click Button" library="SeleniumLibrary">
<arg>${Cash_dispensedButton}</arg>
<doc>Clicks the button identified by ``locator``.</doc>
<msg timestamp="20230223 11:40:31.650" level="INFO">Clicking button '&lt;selenium.webdriver.remote.webelement.WebElement (session="ed081b3058bf78a610c5baf4f798e474", element="a65c1801-8dca-429e-90d3-0a9f30bb5ed6")&gt;'.</msg>
<status status="PASS" starttime="20230223 11:40:31.650" endtime="20230223 11:40:31.919"/>
</kw>
<kw name="Get WebElement" library="SeleniumLibrary">
<var>${actualCashDispendTxt}</var>
<arg>xpath=${Cash_dispensed_text_WebElementLocator}</arg>
<doc>Returns the first WebElement matching the given ``locator``.</doc>
<msg timestamp="20230223 11:40:31.934" level="INFO">${actualCashDispendTxt} = &lt;selenium.webdriver.remote.webelement.WebElement (session="ed081b3058bf78a610c5baf4f798e474", element="dc5b98af-6e40-434b-80e6-422fccb3f58c")&gt;</msg>
<status status="PASS" starttime="20230223 11:40:31.919" endtime="20230223 11:40:31.934"/>
</kw>
<kw name="Element Should Contain" library="SeleniumLibrary">
<arg>${actualCashDispendTxt}</arg>
<arg>${expect_Cash_Dispensed_Text}</arg>
<doc>Verifies that element ``locator`` contains text ``expected``.</doc>
<msg timestamp="20230223 11:40:31.949" level="INFO">Element '&lt;selenium.webdriver.remote.webelement.WebElement (session="ed081b3058bf78a610c5baf4f798e474", element="dc5b98af-6e40-434b-80e6-422fccb3f58c")&gt;' contains text 'Cash dispensed'.</msg>
<status status="PASS" starttime="20230223 11:40:31.934" endtime="20230223 11:40:31.949"/>
</kw>
<status status="PASS" starttime="20230223 11:40:29.475" endtime="20230223 11:40:31.949"/>
</kw>
<kw name="Close Browser" library="SeleniumLibrary" type="TEARDOWN">
<doc>Closes the current browser.</doc>
<status status="PASS" starttime="20230223 11:40:31.949" endtime="20230223 11:40:34.097"/>
</kw>
<doc>Should able to display tax relief successfully when the Cash dispensed button clicked via Edge Browser</doc>
<tag>BrowserCompatibility</tag>
<tag>Positive</tag>
<tag>US5</tag>
<status status="PASS" starttime="20230223 11:40:29.475" endtime="20230223 11:40:34.097"/>
</test>
<status status="PASS" starttime="20230223 11:40:15.325" endtime="20230223 11:40:34.097"/>
</suite>
<status status="FAIL" starttime="20230223 11:39:32.388" endtime="20230223 11:40:34.097"/>
</suite>
<statistics>
<total>
<stat pass="52" fail="12" skip="0">All Tests</stat>
</total>
<tag>
<stat pass="6" fail="0" skip="0">BrowserCompatibility</stat>
<stat pass="18" fail="9" skip="0">Negative</stat>
<stat pass="34" fail="3" skip="0">Positive</stat>
<stat pass="9" fail="1" skip="0">Smoke</stat>
<stat pass="16" fail="9" skip="0">US1</stat>
<stat pass="4" fail="0" skip="0">US2</stat>
<stat pass="8" fail="0" skip="0">US3</stat>
<stat pass="20" fail="3" skip="0">US4</stat>
<stat pass="3" fail="0" skip="0">US5</stat>
</tag>
<suite>
<stat pass="52" fail="12" skip="0" id="s1" name="US1 CalInsert &amp; US2 InsertMultipleMasking &amp; US3 FileuploadUIPortal &amp; US4 CalTaxRelief &amp; US5 UIPortal">US1 CalInsert &amp; US2 InsertMultipleMasking &amp; US3 FileuploadUIPortal &amp; US4 CalTaxRelief &amp; US5 UIPortal</stat>
<stat pass="16" fail="9" skip="0" id="s1-s1" name="US1 CalInsert">US1 CalInsert &amp; US2 InsertMultipleMasking &amp; US3 FileuploadUIPortal &amp; US4 CalTaxRelief &amp; US5 UIPortal.US1 CalInsert</stat>
<stat pass="4" fail="0" skip="0" id="s1-s2" name="US2 InsertMultipleMasking">US1 CalInsert &amp; US2 InsertMultipleMasking &amp; US3 FileuploadUIPortal &amp; US4 CalTaxRelief &amp; US5 UIPortal.US2 InsertMultipleMasking</stat>
<stat pass="8" fail="0" skip="0" id="s1-s3" name="US3 FileuploadUIPortal">US1 CalInsert &amp; US2 InsertMultipleMasking &amp; US3 FileuploadUIPortal &amp; US4 CalTaxRelief &amp; US5 UIPortal.US3 FileuploadUIPortal</stat>
<stat pass="21" fail="3" skip="0" id="s1-s4" name="US4 CalTaxRelief">US1 CalInsert &amp; US2 InsertMultipleMasking &amp; US3 FileuploadUIPortal &amp; US4 CalTaxRelief &amp; US5 UIPortal.US4 CalTaxRelief</stat>
<stat pass="3" fail="0" skip="0" id="s1-s5" name="US5 UIPortal">US1 CalInsert &amp; US2 InsertMultipleMasking &amp; US3 FileuploadUIPortal &amp; US4 CalTaxRelief &amp; US5 UIPortal.US5 UIPortal</stat>
</suite>
</statistics>
<errors>
<msg timestamp="20230223 11:39:33.189" level="WARN">Response body content is not JSON. Content-Type is: application/json;charset=UTF-8</msg>
<msg timestamp="20230223 11:39:33.220" level="WARN">Response body content is not JSON. Content-Type is: application/json;charset=UTF-8</msg>
<msg timestamp="20230223 11:39:33.236" level="WARN">Response body content is not JSON. Content-Type is: application/json;charset=UTF-8</msg>
<msg timestamp="20230223 11:39:33.267" level="WARN">Response body content is not JSON. Content-Type is: application/json;charset=UTF-8</msg>
<msg timestamp="20230223 11:39:33.298" level="WARN">Response body content is not JSON. Content-Type is: application/json;charset=UTF-8</msg>
<msg timestamp="20230223 11:39:33.330" level="WARN">Response body content is not JSON. Content-Type is: application/json;charset=UTF-8</msg>
<msg timestamp="20230223 11:39:33.346" level="WARN">Response body content is not JSON. Content-Type is: application/json;charset=UTF-8</msg>
<msg timestamp="20230223 11:39:33.377" level="WARN">Response body content is not JSON. Content-Type is: application/json;charset=UTF-8</msg>
<msg timestamp="20230223 11:39:33.413" level="WARN">Response body content is not JSON. Content-Type is: application/json;charset=UTF-8</msg>
<msg timestamp="20230223 11:39:33.431" level="WARN">Response body content is not JSON. Content-Type is: application/json;charset=UTF-8</msg>
<msg timestamp="20230223 11:39:33.456" level="WARN">Response body content is not JSON. Content-Type is: application/json;charset=UTF-8</msg>
<msg timestamp="20230223 11:39:33.493" level="WARN">Response body content is not JSON. Content-Type is: application/json;charset=UTF-8</msg>
<msg timestamp="20230223 11:39:33.525" level="WARN">Response body content is not JSON. Content-Type is: application/json;charset=UTF-8</msg>
<msg timestamp="20230223 11:39:33.556" level="WARN">Response body content is not JSON. Content-Type is: application/json;charset=UTF-8</msg>
<msg timestamp="20230223 11:39:33.581" level="WARN">Response body content is not JSON. Content-Type is: application/json;charset=UTF-8</msg>
<msg timestamp="20230223 11:39:33.614" level="WARN">Response body content is not JSON. Content-Type is: application/json;charset=UTF-8</msg>
<msg timestamp="20230223 11:39:33.635" level="WARN">Response body content is not JSON. Content-Type is: application/json;charset=UTF-8</msg>
<msg timestamp="20230223 11:39:33.650" level="WARN">Response body content is not JSON. Content-Type is: application/json;charset=UTF-8</msg>
<msg timestamp="20230223 11:39:33.682" level="WARN">Response body content is not JSON. Content-Type is: application/json;charset=UTF-8</msg>
<msg timestamp="20230223 11:39:33.714" level="WARN">Response body content is not JSON. Content-Type is: application/json;charset=UTF-8</msg>
<msg timestamp="20230223 11:39:33.729" level="WARN">Response body content is not JSON. Content-Type is: application/json;charset=UTF-8</msg>
<msg timestamp="20230223 11:39:33.760" level="WARN">Response body content is not JSON. Content-Type is: application/json;charset=UTF-8</msg>
<msg timestamp="20230223 11:39:33.792" level="WARN">Response body content is not JSON. Content-Type is: application/json;charset=UTF-8</msg>
<msg timestamp="20230223 11:39:33.823" level="WARN">Response body content is not JSON. Content-Type is: application/json;charset=UTF-8</msg>
<msg timestamp="20230223 11:39:33.854" level="WARN">Response body content is not JSON. Content-Type is: application/json;charset=UTF-8</msg>
<msg timestamp="20230223 11:39:33.886" level="WARN">Response body content is not JSON. Content-Type is: application/json;charset=UTF-8</msg>
<msg timestamp="20230223 11:39:33.917" level="WARN">Response body content is not JSON. Content-Type is: application/json;charset=UTF-8</msg>
<msg timestamp="20230223 11:39:33.933" level="WARN">Response body content is not JSON. Content-Type is: application/json;charset=UTF-8</msg>
<msg timestamp="20230223 11:39:33.950" level="WARN">Response body content is not JSON. Content-Type is: application/json;charset=UTF-8</msg>
<msg timestamp="20230223 11:39:33.961" level="WARN">Response body content is not JSON. Content-Type is: application/json;charset=UTF-8</msg>
<msg timestamp="20230223 11:39:33.981" level="WARN">Response body content is not JSON. Content-Type is: application/json;charset=UTF-8</msg>
<msg timestamp="20230223 11:39:34.014" level="WARN">Response body content is not JSON. Content-Type is: application/json;charset=UTF-8</msg>
<msg timestamp="20230223 11:40:13.796" level="WARN">Response body content is not JSON. Content-Type is: application/json;charset=UTF-8</msg>
<msg timestamp="20230223 11:40:13.842" level="WARN">Response body content is not JSON. Content-Type is: application/json;charset=UTF-8</msg>
<msg timestamp="20230223 11:40:13.865" level="WARN">Response body content is not JSON. Content-Type is: application/json;charset=UTF-8</msg>
<msg timestamp="20230223 11:40:13.905" level="WARN">Response body content is not JSON. Content-Type is: application/json;charset=UTF-8</msg>
<msg timestamp="20230223 11:40:13.921" level="WARN">Response body content is not JSON. Content-Type is: application/json;charset=UTF-8</msg>
<msg timestamp="20230223 11:40:13.965" level="WARN">Response body content is not JSON. Content-Type is: application/json;charset=UTF-8</msg>
<msg timestamp="20230223 11:40:13.992" level="WARN">Response body content is not JSON. Content-Type is: application/json;charset=UTF-8</msg>
<msg timestamp="20230223 11:40:14.023" level="WARN">Response body content is not JSON. Content-Type is: application/json;charset=UTF-8</msg>
<msg timestamp="20230223 11:40:14.054" level="WARN">Response body content is not JSON. Content-Type is: application/json;charset=UTF-8</msg>
<msg timestamp="20230223 11:40:14.086" level="WARN">Response body content is not JSON. Content-Type is: application/json;charset=UTF-8</msg>
<msg timestamp="20230223 11:40:14.117" level="WARN">Response body content is not JSON. Content-Type is: application/json;charset=UTF-8</msg>
<msg timestamp="20230223 11:40:14.164" level="WARN">Response body content is not JSON. Content-Type is: application/json;charset=UTF-8</msg>
<msg timestamp="20230223 11:40:14.171" level="WARN">Response body content is not JSON. Content-Type is: application/json;charset=UTF-8</msg>
<msg timestamp="20230223 11:40:14.218" level="WARN">Response body content is not JSON. Content-Type is: application/json;charset=UTF-8</msg>
<msg timestamp="20230223 11:40:14.234" level="WARN">Response body content is not JSON. Content-Type is: application/json;charset=UTF-8</msg>
<msg timestamp="20230223 11:40:14.265" level="WARN">Response body content is not JSON. Content-Type is: application/json;charset=UTF-8</msg>
<msg timestamp="20230223 11:40:14.297" level="WARN">Response body content is not JSON. Content-Type is: application/json;charset=UTF-8</msg>
<msg timestamp="20230223 11:40:14.328" level="WARN">Response body content is not JSON. Content-Type is: application/json;charset=UTF-8</msg>
<msg timestamp="20230223 11:40:14.344" level="WARN">Response body content is not JSON. Content-Type is: application/json;charset=UTF-8</msg>
<msg timestamp="20230223 11:40:14.391" level="WARN">Response body content is not JSON. Content-Type is: application/json;charset=UTF-8</msg>
<msg timestamp="20230223 11:40:14.407" level="WARN">Response body content is not JSON. Content-Type is: application/json;charset=UTF-8</msg>
<msg timestamp="20230223 11:40:14.453" level="WARN">Response body content is not JSON. Content-Type is: application/json;charset=UTF-8</msg>
<msg timestamp="20230223 11:40:14.469" level="WARN">Response body content is not JSON. Content-Type is: application/json;charset=UTF-8</msg>
<msg timestamp="20230223 11:40:14.516" level="WARN">Response body content is not JSON. Content-Type is: application/json;charset=UTF-8</msg>
<msg timestamp="20230223 11:40:14.532" level="WARN">Response body content is not JSON. Content-Type is: application/json;charset=UTF-8</msg>
<msg timestamp="20230223 11:40:14.580" level="WARN">Response body content is not JSON. Content-Type is: application/json;charset=UTF-8</msg>
<msg timestamp="20230223 11:40:14.595" level="WARN">Response body content is not JSON. Content-Type is: application/json;charset=UTF-8</msg>
<msg timestamp="20230223 11:40:14.626" level="WARN">Response body content is not JSON. Content-Type is: application/json;charset=UTF-8</msg>
<msg timestamp="20230223 11:40:14.642" level="WARN">Response body content is not JSON. Content-Type is: application/json;charset=UTF-8</msg>
<msg timestamp="20230223 11:40:14.695" level="WARN">Response body content is not JSON. Content-Type is: application/json;charset=UTF-8</msg>
<msg timestamp="20230223 11:40:14.714" level="WARN">Response body content is not JSON. Content-Type is: application/json;charset=UTF-8</msg>
<msg timestamp="20230223 11:40:14.757" level="WARN">Response body content is not JSON. Content-Type is: application/json;charset=UTF-8</msg>
<msg timestamp="20230223 11:40:14.773" level="WARN">Response body content is not JSON. Content-Type is: application/json;charset=UTF-8</msg>
<msg timestamp="20230223 11:40:14.820" level="WARN">Response body content is not JSON. Content-Type is: application/json;charset=UTF-8</msg>
<msg timestamp="20230223 11:40:14.842" level="WARN">Response body content is not JSON. Content-Type is: application/json;charset=UTF-8</msg>
<msg timestamp="20230223 11:40:14.868" level="WARN">Response body content is not JSON. Content-Type is: application/json;charset=UTF-8</msg>
<msg timestamp="20230223 11:40:14.899" level="WARN">Response body content is not JSON. Content-Type is: application/json;charset=UTF-8</msg>
<msg timestamp="20230223 11:40:14.930" level="WARN">Response body content is not JSON. Content-Type is: application/json;charset=UTF-8</msg>
<msg timestamp="20230223 11:40:14.946" level="WARN">Response body content is not JSON. Content-Type is: application/json;charset=UTF-8</msg>
<msg timestamp="20230223 11:40:14.993" level="WARN">Response body content is not JSON. Content-Type is: application/json;charset=UTF-8</msg>
<msg timestamp="20230223 11:40:15.009" level="WARN">Response body content is not JSON. Content-Type is: application/json;charset=UTF-8</msg>
<msg timestamp="20230223 11:40:15.057" level="WARN">Response body content is not JSON. Content-Type is: application/json;charset=UTF-8</msg>
<msg timestamp="20230223 11:40:15.072" level="WARN">Response body content is not JSON. Content-Type is: application/json;charset=UTF-8</msg>
<msg timestamp="20230223 11:40:15.119" level="WARN">Response body content is not JSON. Content-Type is: application/json;charset=UTF-8</msg>
<msg timestamp="20230223 11:40:15.134" level="WARN">Response body content is not JSON. Content-Type is: application/json;charset=UTF-8</msg>
<msg timestamp="20230223 11:40:15.185" level="WARN">Response body content is not JSON. Content-Type is: application/json;charset=UTF-8</msg>
<msg timestamp="20230223 11:40:15.197" level="WARN">Response body content is not JSON. Content-Type is: application/json;charset=UTF-8</msg>
<msg timestamp="20230223 11:40:15.230" level="WARN">Response body content is not JSON. Content-Type is: application/json;charset=UTF-8</msg>
<msg timestamp="20230223 11:40:15.267" level="WARN">Response body content is not JSON. Content-Type is: application/json;charset=UTF-8</msg>
<msg timestamp="20230223 11:40:15.293" level="WARN">Response body content is not JSON. Content-Type is: application/json;charset=UTF-8</msg>
<msg timestamp="20230223 11:40:15.325" level="WARN">Response body content is not JSON. Content-Type is: application/json;charset=UTF-8</msg>
</errors>
</robot>
